Command line invocation:
    /Applications/Xcode.app/Contents/Developer/usr/bin/xcodebuild -project Sentinel.xcodeproj -scheme Sentinel -sdk iphonesimulator build

Build settings from command line:
    SDKROOT = iphonesimulator26.2

Resolve Package Graph


Resolved source packages:
  LLM: https://github.com/haldihealth/LLM.swift @ main (bf76e92)
  swift-syntax: https://github.com/apple/swift-syntax.git @ 602.0.0

--- xcodebuild: WARNING: Using the first of multiple matching destinations:
{ platform:iOS Simulator, id:dvtdevice-DVTiOSDeviceSimulatorPlaceholder-iphonesimulator:placeholder, name:Any iOS Simulator Device }
{ platform:iOS Simulator, arch:arm64, id:FB6A6682-8D10-4540-9B55-7522449DBC71, OS:26.2, name:iPad (A16) }
{ platform:iOS Simulator, arch:arm64, id:1D578F3B-1DDA-4E6B-BEF4-BBB6FBA2C8C5, OS:26.2, name:iPad Air 11-inch (M3) }
{ platform:iOS Simulator, arch:arm64, id:0E669C92-3267-428B-9B73-4F74BD912012, OS:26.2, name:iPad Air 13-inch (M3) }
{ platform:iOS Simulator, arch:arm64, id:B1A41ECC-2E63-40C7-B681-BF7277595649, OS:26.2, name:iPad Pro 11-inch (M5) }
{ platform:iOS Simulator, arch:arm64, id:79594E34-97B5-4156-9AD6-AADFCA019CBC, OS:26.2, name:iPad Pro 13-inch (M5) }
{ platform:iOS Simulator, arch:arm64, id:6695F306-4C99-4E55-B93A-F7CD10DAF5D8, OS:26.2, name:iPad mini (A17 Pro) }
{ platform:iOS Simulator, arch:arm64, id:21E34BCC-72BB-4BB3-AA3D-2507906685EC, OS:26.2, name:iPhone 16e }
{ platform:iOS Simulator, arch:arm64, id:E8AD1A97-F71A-4344-AAE9-D9D4FCCE5A0B, OS:26.2, name:iPhone 17 }
{ platform:iOS Simulator, arch:arm64, id:318B449A-E6C8-4886-A1C2-73336C71971C, OS:26.2, name:iPhone 17 Pro }
{ platform:iOS Simulator, arch:arm64, id:13F4E51E-B085-49F0-A4D6-86747A04110E, OS:26.2, name:iPhone 17 Pro Max }
{ platform:iOS Simulator, arch:arm64, id:DE9AD5C3-F928-4939-BA4D-206E77212718, OS:26.2, name:iPhone Air }
{ platform:macOS, arch:arm64, variant:Designed for [iPad,iPhone], id:00008132-000A19AE222B801C, name:My Mac }
{ platform:iOS, id:dvtdevice-DVTiPhonePlaceholder-iphoneos:placeholder, name:Any iOS Device }
{ platform:iOS, arch:arm64, id:00008140-001E64913AC0801C, name:iPhone }
ComputePackagePrebuildTargetDependencyGraph

Prepare packages

CreateBuildRequest

SendProjectDescription

CreateBuildOperation

ComputeTargetDependencyGraph
note: Building targets in dependency order
note: Target dependency graph (23 targets)
    Target 'Sentinel' in project 'Sentinel'
        ➜ Explicit dependency on target 'LLM' in project 'LLM'
    Target 'LLM' in project 'LLM'
        ➜ Explicit dependency on target 'LLM' in project 'LLM'
        ➜ Explicit dependency on target 'LLMMacrosImplementation' in project 'LLM'
        ➜ Explicit dependency on target 'LLMMacros' in project 'LLM'
        ➜ Explicit dependency on target 'SwiftCompilerPlugin' in project 'swift-syntax'
    Target 'LLM' in project 'LLM'
        ➜ Explicit dependency on target 'LLMMacrosImplementation' in project 'LLM'
        ➜ Explicit dependency on target 'LLMMacros' in project 'LLM'
        ➜ Explicit dependency on target 'SwiftCompilerPlugin' in project 'swift-syntax'
    Target 'LLMMacros' in project 'LLM'
        ➜ Explicit dependency on target 'LLMMacrosImplementation' in project 'LLM'
        ➜ Explicit dependency on target 'SwiftCompilerPlugin' in project 'swift-syntax'
    Target 'SwiftCompilerPlugin' in project 'swift-syntax'
        ➜ Explicit dependency on target 'SwiftCompilerPlugin' in project 'swift-syntax'
        ➜ Explicit dependency on target '_SwiftSyntaxCShims' in project 'swift-syntax'
        ➜ Explicit dependency on target 'SwiftSyntax509' in project 'swift-syntax'
        ➜ Explicit dependency on target 'SwiftSyntax510' in project 'swift-syntax'
        ➜ Explicit dependency on target 'SwiftSyntax600' in project 'swift-syntax'
        ➜ Explicit dependency on target 'SwiftSyntax601' in project 'swift-syntax'
        ➜ Explicit dependency on target 'SwiftSyntax602' in project 'swift-syntax'
        ➜ Explicit dependency on target 'SwiftSyntax' in project 'swift-syntax'
        ➜ Explicit dependency on target 'SwiftDiagnostics' in project 'swift-syntax'
        ➜ Explicit dependency on target 'SwiftParser' in project 'swift-syntax'
        ➜ Explicit dependency on target 'SwiftOperators' in project 'swift-syntax'
        ➜ Explicit dependency on target 'SwiftBasicFormat' in project 'swift-syntax'
        ➜ Explicit dependency on target 'SwiftParserDiagnostics' in project 'swift-syntax'
        ➜ Explicit dependency on target 'SwiftSyntaxBuilder' in project 'swift-syntax'
        ➜ Explicit dependency on target 'SwiftSyntaxMacros' in project 'swift-syntax'
        ➜ Explicit dependency on target 'SwiftSyntaxMacroExpansion' in project 'swift-syntax'
        ➜ Explicit dependency on target 'SwiftCompilerPluginMessageHandling' in project 'swift-syntax'
    Target 'SwiftCompilerPlugin' in project 'swift-syntax'
        ➜ Explicit dependency on target '_SwiftSyntaxCShims' in project 'swift-syntax'
        ➜ Explicit dependency on target 'SwiftSyntax509' in project 'swift-syntax'
        ➜ Explicit dependency on target 'SwiftSyntax510' in project 'swift-syntax'
        ➜ Explicit dependency on target 'SwiftSyntax600' in project 'swift-syntax'
        ➜ Explicit dependency on target 'SwiftSyntax601' in project 'swift-syntax'
        ➜ Explicit dependency on target 'SwiftSyntax602' in project 'swift-syntax'
        ➜ Explicit dependency on target 'SwiftSyntax' in project 'swift-syntax'
        ➜ Explicit dependency on target 'SwiftDiagnostics' in project 'swift-syntax'
        ➜ Explicit dependency on target 'SwiftParser' in project 'swift-syntax'
        ➜ Explicit dependency on target 'SwiftOperators' in project 'swift-syntax'
        ➜ Explicit dependency on target 'SwiftBasicFormat' in project 'swift-syntax'
        ➜ Explicit dependency on target 'SwiftParserDiagnostics' in project 'swift-syntax'
        ➜ Explicit dependency on target 'SwiftSyntaxBuilder' in project 'swift-syntax'
        ➜ Explicit dependency on target 'SwiftSyntaxMacros' in project 'swift-syntax'
        ➜ Explicit dependency on target 'SwiftSyntaxMacroExpansion' in project 'swift-syntax'
        ➜ Explicit dependency on target 'SwiftCompilerPluginMessageHandling' in project 'swift-syntax'
    Target 'SwiftCompilerPluginMessageHandling' in project 'swift-syntax'
        ➜ Explicit dependency on target '_SwiftSyntaxCShims' in project 'swift-syntax'
        ➜ Explicit dependency on target 'SwiftSyntax509' in project 'swift-syntax'
        ➜ Explicit dependency on target 'SwiftSyntax510' in project 'swift-syntax'
        ➜ Explicit dependency on target 'SwiftSyntax600' in project 'swift-syntax'
        ➜ Explicit dependency on target 'SwiftSyntax601' in project 'swift-syntax'
        ➜ Explicit dependency on target 'SwiftSyntax602' in project 'swift-syntax'
        ➜ Explicit dependency on target 'SwiftSyntax' in project 'swift-syntax'
        ➜ Explicit dependency on target 'SwiftDiagnostics' in project 'swift-syntax'
        ➜ Explicit dependency on target 'SwiftParser' in project 'swift-syntax'
        ➜ Explicit dependency on target 'SwiftOperators' in project 'swift-syntax'
        ➜ Explicit dependency on target 'SwiftBasicFormat' in project 'swift-syntax'
        ➜ Explicit dependency on target 'SwiftParserDiagnostics' in project 'swift-syntax'
        ➜ Explicit dependency on target 'SwiftSyntaxBuilder' in project 'swift-syntax'
        ➜ Explicit dependency on target 'SwiftSyntaxMacros' in project 'swift-syntax'
        ➜ Explicit dependency on target 'SwiftSyntaxMacroExpansion' in project 'swift-syntax'
    Target 'SwiftSyntaxMacroExpansion' in project 'swift-syntax'
        ➜ Explicit dependency on target '_SwiftSyntaxCShims' in project 'swift-syntax'
        ➜ Explicit dependency on target 'SwiftSyntax509' in project 'swift-syntax'
        ➜ Explicit dependency on target 'SwiftSyntax510' in project 'swift-syntax'
        ➜ Explicit dependency on target 'SwiftSyntax600' in project 'swift-syntax'
        ➜ Explicit dependency on target 'SwiftSyntax601' in project 'swift-syntax'
        ➜ Explicit dependency on target 'SwiftSyntax602' in project 'swift-syntax'
        ➜ Explicit dependency on target 'SwiftSyntax' in project 'swift-syntax'
        ➜ Explicit dependency on target 'SwiftBasicFormat' in project 'swift-syntax'
        ➜ Explicit dependency on target 'SwiftParser' in project 'swift-syntax'
        ➜ Explicit dependency on target 'SwiftDiagnostics' in project 'swift-syntax'
        ➜ Explicit dependency on target 'SwiftParserDiagnostics' in project 'swift-syntax'
        ➜ Explicit dependency on target 'SwiftSyntaxBuilder' in project 'swift-syntax'
        ➜ Explicit dependency on target 'SwiftSyntaxMacros' in project 'swift-syntax'
        ➜ Explicit dependency on target 'SwiftOperators' in project 'swift-syntax'
    Target 'SwiftSyntaxMacros' in project 'swift-syntax'
        ➜ Explicit dependency on target '_SwiftSyntaxCShims' in project 'swift-syntax'
        ➜ Explicit dependency on target 'SwiftSyntax509' in project 'swift-syntax'
        ➜ Explicit dependency on target 'SwiftSyntax510' in project 'swift-syntax'
        ➜ Explicit dependency on target 'SwiftSyntax600' in project 'swift-syntax'
        ➜ Explicit dependency on target 'SwiftSyntax601' in project 'swift-syntax'
        ➜ Explicit dependency on target 'SwiftSyntax602' in project 'swift-syntax'
        ➜ Explicit dependency on target 'SwiftSyntax' in project 'swift-syntax'
        ➜ Explicit dependency on target 'SwiftDiagnostics' in project 'swift-syntax'
        ➜ Explicit dependency on target 'SwiftParser' in project 'swift-syntax'
        ➜ Explicit dependency on target 'SwiftBasicFormat' in project 'swift-syntax'
        ➜ Explicit dependency on target 'SwiftParserDiagnostics' in project 'swift-syntax'
        ➜ Explicit dependency on target 'SwiftSyntaxBuilder' in project 'swift-syntax'
    Target 'SwiftSyntaxBuilder' in project 'swift-syntax'
        ➜ Explicit dependency on target '_SwiftSyntaxCShims' in project 'swift-syntax'
        ➜ Explicit dependency on target 'SwiftSyntax509' in project 'swift-syntax'
        ➜ Explicit dependency on target 'SwiftSyntax510' in project 'swift-syntax'
        ➜ Explicit dependency on target 'SwiftSyntax600' in project 'swift-syntax'
        ➜ Explicit dependency on target 'SwiftSyntax601' in project 'swift-syntax'
        ➜ Explicit dependency on target 'SwiftSyntax602' in project 'swift-syntax'
        ➜ Explicit dependency on target 'SwiftSyntax' in project 'swift-syntax'
        ➜ Explicit dependency on target 'SwiftBasicFormat' in project 'swift-syntax'
        ➜ Explicit dependency on target 'SwiftParser' in project 'swift-syntax'
        ➜ Explicit dependency on target 'SwiftDiagnostics' in project 'swift-syntax'
        ➜ Explicit dependency on target 'SwiftParserDiagnostics' in project 'swift-syntax'
    Target 'SwiftParserDiagnostics' in project 'swift-syntax'
        ➜ Explicit dependency on target '_SwiftSyntaxCShims' in project 'swift-syntax'
        ➜ Explicit dependency on target 'SwiftSyntax509' in project 'swift-syntax'
        ➜ Explicit dependency on target 'SwiftSyntax510' in project 'swift-syntax'
        ➜ Explicit dependency on target 'SwiftSyntax600' in project 'swift-syntax'
        ➜ Explicit dependency on target 'SwiftSyntax601' in project 'swift-syntax'
        ➜ Explicit dependency on target 'SwiftSyntax602' in project 'swift-syntax'
        ➜ Explicit dependency on target 'SwiftSyntax' in project 'swift-syntax'
        ➜ Explicit dependency on target 'SwiftBasicFormat' in project 'swift-syntax'
        ➜ Explicit dependency on target 'SwiftDiagnostics' in project 'swift-syntax'
        ➜ Explicit dependency on target 'SwiftParser' in project 'swift-syntax'
    Target 'SwiftBasicFormat' in project 'swift-syntax'
        ➜ Explicit dependency on target '_SwiftSyntaxCShims' in project 'swift-syntax'
        ➜ Explicit dependency on target 'SwiftSyntax509' in project 'swift-syntax'
        ➜ Explicit dependency on target 'SwiftSyntax510' in project 'swift-syntax'
        ➜ Explicit dependency on target 'SwiftSyntax600' in project 'swift-syntax'
        ➜ Explicit dependency on target 'SwiftSyntax601' in project 'swift-syntax'
        ➜ Explicit dependency on target 'SwiftSyntax602' in project 'swift-syntax'
        ➜ Explicit dependency on target 'SwiftSyntax' in project 'swift-syntax'
    Target 'SwiftOperators' in project 'swift-syntax'
        ➜ Explicit dependency on target '_SwiftSyntaxCShims' in project 'swift-syntax'
        ➜ Explicit dependency on target 'SwiftSyntax509' in project 'swift-syntax'
        ➜ Explicit dependency on target 'SwiftSyntax510' in project 'swift-syntax'
        ➜ Explicit dependency on target 'SwiftSyntax600' in project 'swift-syntax'
        ➜ Explicit dependency on target 'SwiftSyntax601' in project 'swift-syntax'
        ➜ Explicit dependency on target 'SwiftSyntax602' in project 'swift-syntax'
        ➜ Explicit dependency on target 'SwiftSyntax' in project 'swift-syntax'
        ➜ Explicit dependency on target 'SwiftDiagnostics' in project 'swift-syntax'
        ➜ Explicit dependency on target 'SwiftParser' in project 'swift-syntax'
    Target 'SwiftParser' in project 'swift-syntax'
        ➜ Explicit dependency on target '_SwiftSyntaxCShims' in project 'swift-syntax'
        ➜ Explicit dependency on target 'SwiftSyntax509' in project 'swift-syntax'
        ➜ Explicit dependency on target 'SwiftSyntax510' in project 'swift-syntax'
        ➜ Explicit dependency on target 'SwiftSyntax600' in project 'swift-syntax'
        ➜ Explicit dependency on target 'SwiftSyntax601' in project 'swift-syntax'
        ➜ Explicit dependency on target 'SwiftSyntax602' in project 'swift-syntax'
        ➜ Explicit dependency on target 'SwiftSyntax' in project 'swift-syntax'
    Target 'SwiftDiagnostics' in project 'swift-syntax'
        ➜ Explicit dependency on target '_SwiftSyntaxCShims' in project 'swift-syntax'
        ➜ Explicit dependency on target 'SwiftSyntax509' in project 'swift-syntax'
        ➜ Explicit dependency on target 'SwiftSyntax510' in project 'swift-syntax'
        ➜ Explicit dependency on target 'SwiftSyntax600' in project 'swift-syntax'
        ➜ Explicit dependency on target 'SwiftSyntax601' in project 'swift-syntax'
        ➜ Explicit dependency on target 'SwiftSyntax602' in project 'swift-syntax'
        ➜ Explicit dependency on target 'SwiftSyntax' in project 'swift-syntax'
    Target 'SwiftSyntax' in project 'swift-syntax'
        ➜ Explicit dependency on target '_SwiftSyntaxCShims' in project 'swift-syntax'
        ➜ Explicit dependency on target 'SwiftSyntax509' in project 'swift-syntax'
        ➜ Explicit dependency on target 'SwiftSyntax510' in project 'swift-syntax'
        ➜ Explicit dependency on target 'SwiftSyntax600' in project 'swift-syntax'
        ➜ Explicit dependency on target 'SwiftSyntax601' in project 'swift-syntax'
        ➜ Explicit dependency on target 'SwiftSyntax602' in project 'swift-syntax'
    Target 'SwiftSyntax602' in project 'swift-syntax' (no dependencies)
    Target 'SwiftSyntax601' in project 'swift-syntax' (no dependencies)
    Target 'SwiftSyntax600' in project 'swift-syntax' (no dependencies)
    Target 'SwiftSyntax510' in project 'swift-syntax' (no dependencies)
    Target 'SwiftSyntax509' in project 'swift-syntax' (no dependencies)
    Target '_SwiftSyntaxCShims' in project 'swift-syntax' (no dependencies)
    Target 'LLMMacrosImplementation' in project 'LLM' (no dependencies)

GatherProvisioningInputs

CreateBuildDescription

ExecuteExternalTool /Applications/Xcode.app/Contents/Developer/Toolchains/XcodeDefault.xctoolchain/usr/bin/clang -v -E -dM -arch arm64 -isysroot /Applications/Xcode.app/Contents/Developer/Platforms/iPhoneSimulator.platform/Developer/SDKs/iPhoneSimulator26.2.sdk -x c -c /dev/null

ExecuteExternalTool /Applications/Xcode.app/Contents/Developer/Toolchains/XcodeDefault.xctoolchain/usr/bin/swiftc --version

ExecuteExternalTool /Applications/Xcode.app/Contents/Developer/Toolchains/XcodeDefault.xctoolchain/usr/bin/clang -v -E -dM -isysroot /Applications/Xcode.app/Contents/Developer/Platforms/iPhoneSimulator.platform/Developer/SDKs/iPhoneSimulator26.2.sdk -x c -c /dev/null

ExecuteExternalTool /Applications/Xcode.app/Contents/Developer/usr/bin/actool --print-asset-tag-combinations --output-format xml1 /Users/shehninadeem/Desktop/Sentinel_v2/Sentinel/Assets.xcassets

ExecuteExternalTool /Applications/Xcode.app/Contents/Developer/usr/bin/actool --version --output-format xml1

ExecuteExternalTool /Applications/Xcode.app/Contents/Developer/Toolchains/XcodeDefault.xctoolchain/usr/bin/ld -version_details

ExecuteExternalTool /Applications/Xcode.app/Contents/Developer/Toolchains/XcodeDefault.xctoolchain/usr/bin/clang -v -E -dM -arch x86_64 -isysroot /Applications/Xcode.app/Contents/Developer/Platforms/iPhoneSimulator.platform/Developer/SDKs/iPhoneSimulator26.2.sdk -x c -c /dev/null

ReadFileContents /Applications/Xcode.app/Contents/Developer/Toolchains/XcodeDefault.xctoolchain/usr/share/docc/features.json

Build description signature: 3dae7d93d9e623dea05ca243025d45b3
Build description path: /Users/shehninadeem/Library/Developer/Xcode/DerivedData/Sentinel-gaqtyzgffvslneaduyuvswhpiqtn/Build/Intermediates.noindex/XCBuildData/3dae7d93d9e623dea05ca243025d45b3.xcbuilddata
ClangStatCache /Applications/Xcode.app/Contents/Developer/Toolchains/XcodeDefault.xctoolchain/usr/bin/clang-stat-cache /Applications/Xcode.app/Contents/Developer/Platforms/iPhoneSimulator.platform/Developer/SDKs/iPhoneSimulator26.2.sdk /Users/shehninadeem/Library/Developer/Xcode/DerivedData/SDKStatCaches.noindex/iphonesimulator26.2-23C53-7d00a8b37fbd7999ea79df8ebc024bf0.sdkstatcache
    cd /Users/shehninadeem/Desktop/Sentinel_v2/Sentinel.xcodeproj
    /Applications/Xcode.app/Contents/Developer/Toolchains/XcodeDefault.xctoolchain/usr/bin/clang-stat-cache /Applications/Xcode.app/Contents/Developer/Platforms/iPhoneSimulator.platform/Developer/SDKs/iPhoneSimulator26.2.sdk -o /Users/shehninadeem/Library/Developer/Xcode/DerivedData/SDKStatCaches.noindex/iphonesimulator26.2-23C53-7d00a8b37fbd7999ea79df8ebc024bf0.sdkstatcache

Copy /Users/shehninadeem/Library/Developer/Xcode/DerivedData/Sentinel-gaqtyzgffvslneaduyuvswhpiqtn/Build/Products/Debug-iphonesimulator/SwiftSyntax602.swiftmodule/Project/arm64-apple-ios-simulator.swiftsourceinfo /Users/shehninadeem/Library/Developer/Xcode/DerivedData/Sentinel-gaqtyzgffvslneaduyuvswhpiqtn/Build/Intermediates.noindex/swift-syntax.build/Debug-iphonesimulator/SwiftSyntax602.build/Objects-normal/arm64/SwiftSyntax602.swiftsourceinfo (in target 'SwiftSyntax602' from project 'swift-syntax')
    cd /Users/shehninadeem/Library/Developer/Xcode/DerivedData/Sentinel-gaqtyzgffvslneaduyuvswhpiqtn/SourcePackages/checkouts/swift-syntax
    builtin-copy -exclude .DS_Store -exclude CVS -exclude .svn -exclude .git -exclude .hg -resolve-src-symlinks -rename /Users/shehninadeem/Library/Developer/Xcode/DerivedData/Sentinel-gaqtyzgffvslneaduyuvswhpiqtn/Build/Intermediates.noindex/swift-syntax.build/Debug-iphonesimulator/SwiftSyntax602.build/Objects-normal/arm64/SwiftSyntax602.swiftsourceinfo /Users/shehninadeem/Library/Developer/Xcode/DerivedData/Sentinel-gaqtyzgffvslneaduyuvswhpiqtn/Build/Products/Debug-iphonesimulator/SwiftSyntax602.swiftmodule/Project/arm64-apple-ios-simulator.swiftsourceinfo

Copy /Users/shehninadeem/Library/Developer/Xcode/DerivedData/Sentinel-gaqtyzgffvslneaduyuvswhpiqtn/Build/Products/Debug-iphonesimulator/SwiftSyntax602.swiftmodule/arm64-apple-ios-simulator.swiftdoc /Users/shehninadeem/Library/Developer/Xcode/DerivedData/Sentinel-gaqtyzgffvslneaduyuvswhpiqtn/Build/Intermediates.noindex/swift-syntax.build/Debug-iphonesimulator/SwiftSyntax602.build/Objects-normal/arm64/SwiftSyntax602.swiftdoc (in target 'SwiftSyntax602' from project 'swift-syntax')
    cd /Users/shehninadeem/Library/Developer/Xcode/DerivedData/Sentinel-gaqtyzgffvslneaduyuvswhpiqtn/SourcePackages/checkouts/swift-syntax
    builtin-copy -exclude .DS_Store -exclude CVS -exclude .svn -exclude .git -exclude .hg -resolve-src-symlinks -rename /Users/shehninadeem/Library/Developer/Xcode/DerivedData/Sentinel-gaqtyzgffvslneaduyuvswhpiqtn/Build/Intermediates.noindex/swift-syntax.build/Debug-iphonesimulator/SwiftSyntax602.build/Objects-normal/arm64/SwiftSyntax602.swiftdoc /Users/shehninadeem/Library/Developer/Xcode/DerivedData/Sentinel-gaqtyzgffvslneaduyuvswhpiqtn/Build/Products/Debug-iphonesimulator/SwiftSyntax602.swiftmodule/arm64-apple-ios-simulator.swiftdoc

Copy /Users/shehninadeem/Library/Developer/Xcode/DerivedData/Sentinel-gaqtyzgffvslneaduyuvswhpiqtn/Build/Products/Debug-iphonesimulator/SwiftSyntax602.swiftmodule/arm64-apple-ios-simulator.abi.json /Users/shehninadeem/Library/Developer/Xcode/DerivedData/Sentinel-gaqtyzgffvslneaduyuvswhpiqtn/Build/Intermediates.noindex/swift-syntax.build/Debug-iphonesimulator/SwiftSyntax602.build/Objects-normal/arm64/SwiftSyntax602.abi.json (in target 'SwiftSyntax602' from project 'swift-syntax')
    cd /Users/shehninadeem/Library/Developer/Xcode/DerivedData/Sentinel-gaqtyzgffvslneaduyuvswhpiqtn/SourcePackages/checkouts/swift-syntax
    builtin-copy -exclude .DS_Store -exclude CVS -exclude .svn -exclude .git -exclude .hg -resolve-src-symlinks -rename /Users/shehninadeem/Library/Developer/Xcode/DerivedData/Sentinel-gaqtyzgffvslneaduyuvswhpiqtn/Build/Intermediates.noindex/swift-syntax.build/Debug-iphonesimulator/SwiftSyntax602.build/Objects-normal/arm64/SwiftSyntax602.abi.json /Users/shehninadeem/Library/Developer/Xcode/DerivedData/Sentinel-gaqtyzgffvslneaduyuvswhpiqtn/Build/Products/Debug-iphonesimulator/SwiftSyntax602.swiftmodule/arm64-apple-ios-simulator.abi.json

Copy /Users/shehninadeem/Library/Developer/Xcode/DerivedData/Sentinel-gaqtyzgffvslneaduyuvswhpiqtn/Build/Products/Debug-iphonesimulator/SwiftSyntax601.swiftmodule/x86_64-apple-ios-simulator.swiftdoc /Users/shehninadeem/Library/Developer/Xcode/DerivedData/Sentinel-gaqtyzgffvslneaduyuvswhpiqtn/Build/Intermediates.noindex/swift-syntax.build/Debug-iphonesimulator/SwiftSyntax601.build/Objects-normal/x86_64/SwiftSyntax601.swiftdoc (in target 'SwiftSyntax601' from project 'swift-syntax')
    cd /Users/shehninadeem/Library/Developer/Xcode/DerivedData/Sentinel-gaqtyzgffvslneaduyuvswhpiqtn/SourcePackages/checkouts/swift-syntax
    builtin-copy -exclude .DS_Store -exclude CVS -exclude .svn -exclude .git -exclude .hg -resolve-src-symlinks -rename /Users/shehninadeem/Library/Developer/Xcode/DerivedData/Sentinel-gaqtyzgffvslneaduyuvswhpiqtn/Build/Intermediates.noindex/swift-syntax.build/Debug-iphonesimulator/SwiftSyntax601.build/Objects-normal/x86_64/SwiftSyntax601.swiftdoc /Users/shehninadeem/Library/Developer/Xcode/DerivedData/Sentinel-gaqtyzgffvslneaduyuvswhpiqtn/Build/Products/Debug-iphonesimulator/SwiftSyntax601.swiftmodule/x86_64-apple-ios-simulator.swiftdoc

Copy /Users/shehninadeem/Library/Developer/Xcode/DerivedData/Sentinel-gaqtyzgffvslneaduyuvswhpiqtn/Build/Products/Debug-iphonesimulator/SwiftSyntax602.swiftmodule/arm64-apple-ios-simulator.swiftmodule /Users/shehninadeem/Library/Developer/Xcode/DerivedData/Sentinel-gaqtyzgffvslneaduyuvswhpiqtn/Build/Intermediates.noindex/swift-syntax.build/Debug-iphonesimulator/SwiftSyntax602.build/Objects-normal/arm64/SwiftSyntax602.swiftmodule (in target 'SwiftSyntax602' from project 'swift-syntax')
    cd /Users/shehninadeem/Library/Developer/Xcode/DerivedData/Sentinel-gaqtyzgffvslneaduyuvswhpiqtn/SourcePackages/checkouts/swift-syntax
    builtin-copy -exclude .DS_Store -exclude CVS -exclude .svn -exclude .git -exclude .hg -resolve-src-symlinks -rename /Users/shehninadeem/Library/Developer/Xcode/DerivedData/Sentinel-gaqtyzgffvslneaduyuvswhpiqtn/Build/Intermediates.noindex/swift-syntax.build/Debug-iphonesimulator/SwiftSyntax602.build/Objects-normal/arm64/SwiftSyntax602.swiftmodule /Users/shehninadeem/Library/Developer/Xcode/DerivedData/Sentinel-gaqtyzgffvslneaduyuvswhpiqtn/Build/Products/Debug-iphonesimulator/SwiftSyntax602.swiftmodule/arm64-apple-ios-simulator.swiftmodule

Copy /Users/shehninadeem/Library/Developer/Xcode/DerivedData/Sentinel-gaqtyzgffvslneaduyuvswhpiqtn/Build/Products/Debug-iphonesimulator/SwiftSyntax601.swiftmodule/Project/x86_64-apple-ios-simulator.swiftsourceinfo /Users/shehninadeem/Library/Developer/Xcode/DerivedData/Sentinel-gaqtyzgffvslneaduyuvswhpiqtn/Build/Intermediates.noindex/swift-syntax.build/Debug-iphonesimulator/SwiftSyntax601.build/Objects-normal/x86_64/SwiftSyntax601.swiftsourceinfo (in target 'SwiftSyntax601' from project 'swift-syntax')
    cd /Users/shehninadeem/Library/Developer/Xcode/DerivedData/Sentinel-gaqtyzgffvslneaduyuvswhpiqtn/SourcePackages/checkouts/swift-syntax
    builtin-copy -exclude .DS_Store -exclude CVS -exclude .svn -exclude .git -exclude .hg -resolve-src-symlinks -rename /Users/shehninadeem/Library/Developer/Xcode/DerivedData/Sentinel-gaqtyzgffvslneaduyuvswhpiqtn/Build/Intermediates.noindex/swift-syntax.build/Debug-iphonesimulator/SwiftSyntax601.build/Objects-normal/x86_64/SwiftSyntax601.swiftsourceinfo /Users/shehninadeem/Library/Developer/Xcode/DerivedData/Sentinel-gaqtyzgffvslneaduyuvswhpiqtn/Build/Products/Debug-iphonesimulator/SwiftSyntax601.swiftmodule/Project/x86_64-apple-ios-simulator.swiftsourceinfo

SwiftMergeGeneratedHeaders /Users/shehninadeem/Library/Developer/Xcode/DerivedData/Sentinel-gaqtyzgffvslneaduyuvswhpiqtn/Build/Intermediates.noindex/GeneratedModuleMaps-iphonesimulator/SwiftSyntax602-Swift.h /Users/shehninadeem/Library/Developer/Xcode/DerivedData/Sentinel-gaqtyzgffvslneaduyuvswhpiqtn/Build/Intermediates.noindex/swift-syntax.build/Debug-iphonesimulator/SwiftSyntax602.build/Objects-normal/arm64/SwiftSyntax602-Swift.h /Users/shehninadeem/Library/Developer/Xcode/DerivedData/Sentinel-gaqtyzgffvslneaduyuvswhpiqtn/Build/Intermediates.noindex/swift-syntax.build/Debug-iphonesimulator/SwiftSyntax602.build/Objects-normal/x86_64/SwiftSyntax602-Swift.h (in target 'SwiftSyntax602' from project 'swift-syntax')
    cd /Users/shehninadeem/Library/Developer/Xcode/DerivedData/Sentinel-gaqtyzgffvslneaduyuvswhpiqtn/SourcePackages/checkouts/swift-syntax
    builtin-swiftHeaderTool -arch arm64 /Users/shehninadeem/Library/Developer/Xcode/DerivedData/Sentinel-gaqtyzgffvslneaduyuvswhpiqtn/Build/Intermediates.noindex/swift-syntax.build/Debug-iphonesimulator/SwiftSyntax602.build/Objects-normal/arm64/SwiftSyntax602-Swift.h -arch x86_64 /Users/shehninadeem/Library/Developer/Xcode/DerivedData/Sentinel-gaqtyzgffvslneaduyuvswhpiqtn/Build/Intermediates.noindex/swift-syntax.build/Debug-iphonesimulator/SwiftSyntax602.build/Objects-normal/x86_64/SwiftSyntax602-Swift.h -o /Users/shehninadeem/Library/Developer/Xcode/DerivedData/Sentinel-gaqtyzgffvslneaduyuvswhpiqtn/Build/Intermediates.noindex/GeneratedModuleMaps-iphonesimulator/SwiftSyntax602-Swift.h

SwiftDriver SwiftSyntax602 normal x86_64 com.apple.xcode.tools.swift.compiler (in target 'SwiftSyntax602' from project 'swift-syntax')
    cd /Users/shehninadeem/Desktop/Sentinel_v2/Sentinel.xcodeproj
    builtin-SwiftDriver -- /Applications/Xcode.app/Contents/Developer/Toolchains/XcodeDefault.xctoolchain/usr/bin/swiftc -module-name SwiftSyntax602 -Onone -enforce-exclusivity\=checked @/Users/shehninadeem/Library/Developer/Xcode/DerivedData/Sentinel-gaqtyzgffvslneaduyuvswhpiqtn/Build/Intermediates.noindex/swift-syntax.build/Debug-iphonesimulator/SwiftSyntax602.build/Objects-normal/x86_64/SwiftSyntax602.SwiftFileList -DSWIFT_PACKAGE -DDEBUG -DSWIFT_MODULE_RESOURCE_BUNDLE_UNAVAILABLE -DXcode -plugin-path /Applications/Xcode.app/Contents/Developer/Toolchains/XcodeDefault.xctoolchain/usr/lib/swift/host/plugins/testing -enable-experimental-feature DebugDescriptionMacro -sdk /Applications/Xcode.app/Contents/Developer/Platforms/iPhoneSimulator.platform/Developer/SDKs/iPhoneSimulator26.2.sdk -target x86_64-apple-ios13.0-simulator -g -module-cache-path /Users/shehninadeem/Library/Developer/Xcode/DerivedData/ModuleCache.noindex -Xfrontend -serialize-debugging-options -enable-testing -suppress-warnings -index-store-path /Users/shehninadeem/Library/Developer/Xcode/DerivedData/Sentinel-gaqtyzgffvslneaduyuvswhpiqtn/Index.noindex/DataStore -Xcc -D_LIBCPP_HARDENING_MODE\=_LIBCPP_HARDENING_MODE_DEBUG -swift-version 6 -I /Users/shehninadeem/Library/Developer/Xcode/DerivedData/Sentinel-gaqtyzgffvslneaduyuvswhpiqtn/Build/Products/Debug-iphonesimulator -Isystem /Applications/Xcode.app/Contents/Developer/Platforms/iPhoneSimulator.platform/Developer/usr/lib -F /Users/shehninadeem/Library/Developer/Xcode/DerivedData/Sentinel-gaqtyzgffvslneaduyuvswhpiqtn/Build/Products/Debug-iphonesimulator -F /Applications/Xcode.app/Contents/Developer/Platforms/iPhoneSimulator.platform/Developer/Library/Frameworks -F /Applications/Xcode.app/Contents/Developer/Platforms/iPhoneSimulator.platform/Developer/SDKs/iPhoneSimulator26.2.sdk/Developer/Library/Frameworks -parse-as-library -c -j10 -enable-batch-mode -incremental -Xcc -ivfsstatcache -Xcc /Users/shehninadeem/Library/Developer/Xcode/DerivedData/SDKStatCaches.noindex/iphonesimulator26.2-23C53-7d00a8b37fbd7999ea79df8ebc024bf0.sdkstatcache -output-file-map /Users/shehninadeem/Library/Developer/Xcode/DerivedData/Sentinel-gaqtyzgffvslneaduyuvswhpiqtn/Build/Intermediates.noindex/swift-syntax.build/Debug-iphonesimulator/SwiftSyntax602.build/Objects-normal/x86_64/SwiftSyntax602-OutputFileMap.json -use-frontend-parseable-output -save-temps -no-color-diagnostics -explicit-module-build -module-cache-path /Users/shehninadeem/Library/Developer/Xcode/DerivedData/Sentinel-gaqtyzgffvslneaduyuvswhpiqtn/Build/Intermediates.noindex/SwiftExplicitPrecompiledModules -clang-scanner-module-cache-path /Users/shehninadeem/Library/Developer/Xcode/DerivedData/ModuleCache.noindex -sdk-module-cache-path /Users/shehninadeem/Library/Developer/Xcode/DerivedData/ModuleCache.noindex -serialize-diagnostics -emit-dependencies -emit-module -emit-module-path /Users/shehninadeem/Library/Developer/Xcode/DerivedData/Sentinel-gaqtyzgffvslneaduyuvswhpiqtn/Build/Intermediates.noindex/swift-syntax.build/Debug-iphonesimulator/SwiftSyntax602.build/Objects-normal/x86_64/SwiftSyntax602.swiftmodule -validate-clang-modules-once -clang-build-session-file /Users/shehninadeem/Library/Developer/Xcode/DerivedData/ModuleCache.noindex/Session.modulevalidation -package-name swift_syntax -Xcc -I/Users/shehninadeem/Library/Developer/Xcode/DerivedData/Sentinel-gaqtyzgffvslneaduyuvswhpiqtn/Build/Intermediates.noindex/swift-syntax.build/Debug-iphonesimulator/SwiftSyntax602.build/swift-overrides.hmap -emit-const-values -Xfrontend -const-gather-protocols-file -Xfrontend /Users/shehninadeem/Library/Developer/Xcode/DerivedData/Sentinel-gaqtyzgffvslneaduyuvswhpiqtn/Build/Intermediates.noindex/swift-syntax.build/Debug-iphonesimulator/SwiftSyntax602.build/Objects-normal/x86_64/SwiftSyntax602_const_extract_protocols.json -Xcc -I/Users/shehninadeem/Library/Developer/Xcode/DerivedData/Sentinel-gaqtyzgffvslneaduyuvswhpiqtn/Build/Products/Debug-iphonesimulator/include -Xcc -I/Users/shehninadeem/Library/Developer/Xcode/DerivedData/Sentinel-gaqtyzgffvslneaduyuvswhpiqtn/Build/Intermediates.noindex/swift-syntax.build/Debug-iphonesimulator/SwiftSyntax602.build/DerivedSources-normal/x86_64 -Xcc -I/Users/shehninadeem/Library/Developer/Xcode/DerivedData/Sentinel-gaqtyzgffvslneaduyuvswhpiqtn/Build/Intermediates.noindex/swift-syntax.build/Debug-iphonesimulator/SwiftSyntax602.build/DerivedSources/x86_64 -Xcc -I/Users/shehninadeem/Library/Developer/Xcode/DerivedData/Sentinel-gaqtyzgffvslneaduyuvswhpiqtn/Build/Intermediates.noindex/swift-syntax.build/Debug-iphonesimulator/SwiftSyntax602.build/DerivedSources -Xcc -DSWIFT_PACKAGE -Xcc -DDEBUG\=1 -emit-objc-header -emit-objc-header-path /Users/shehninadeem/Library/Developer/Xcode/DerivedData/Sentinel-gaqtyzgffvslneaduyuvswhpiqtn/Build/Intermediates.noindex/swift-syntax.build/Debug-iphonesimulator/SwiftSyntax602.build/Objects-normal/x86_64/SwiftSyntax602-Swift.h -working-directory /Users/shehninadeem/Desktop/Sentinel_v2/Sentinel.xcodeproj -experimental-emit-module-separately -disable-cmo

SwiftDriver SwiftSyntax602 normal arm64 com.apple.xcode.tools.swift.compiler (in target 'SwiftSyntax602' from project 'swift-syntax')
    cd /Users/shehninadeem/Desktop/Sentinel_v2/Sentinel.xcodeproj
    builtin-SwiftDriver -- /Applications/Xcode.app/Contents/Developer/Toolchains/XcodeDefault.xctoolchain/usr/bin/swiftc -module-name SwiftSyntax602 -Onone -enforce-exclusivity\=checked @/Users/shehninadeem/Library/Developer/Xcode/DerivedData/Sentinel-gaqtyzgffvslneaduyuvswhpiqtn/Build/Intermediates.noindex/swift-syntax.build/Debug-iphonesimulator/SwiftSyntax602.build/Objects-normal/arm64/SwiftSyntax602.SwiftFileList -DSWIFT_PACKAGE -DDEBUG -DSWIFT_MODULE_RESOURCE_BUNDLE_UNAVAILABLE -DXcode -plugin-path /Applications/Xcode.app/Contents/Developer/Toolchains/XcodeDefault.xctoolchain/usr/lib/swift/host/plugins/testing -enable-experimental-feature DebugDescriptionMacro -sdk /Applications/Xcode.app/Contents/Developer/Platforms/iPhoneSimulator.platform/Developer/SDKs/iPhoneSimulator26.2.sdk -target arm64-apple-ios13.0-simulator -g -module-cache-path /Users/shehninadeem/Library/Developer/Xcode/DerivedData/ModuleCache.noindex -Xfrontend -serialize-debugging-options -enable-testing -suppress-warnings -index-store-path /Users/shehninadeem/Library/Developer/Xcode/DerivedData/Sentinel-gaqtyzgffvslneaduyuvswhpiqtn/Index.noindex/DataStore -Xcc -D_LIBCPP_HARDENING_MODE\=_LIBCPP_HARDENING_MODE_DEBUG -swift-version 6 -I /Users/shehninadeem/Library/Developer/Xcode/DerivedData/Sentinel-gaqtyzgffvslneaduyuvswhpiqtn/Build/Products/Debug-iphonesimulator -Isystem /Applications/Xcode.app/Contents/Developer/Platforms/iPhoneSimulator.platform/Developer/usr/lib -F /Users/shehninadeem/Library/Developer/Xcode/DerivedData/Sentinel-gaqtyzgffvslneaduyuvswhpiqtn/Build/Products/Debug-iphonesimulator -F /Applications/Xcode.app/Contents/Developer/Platforms/iPhoneSimulator.platform/Developer/Library/Frameworks -F /Applications/Xcode.app/Contents/Developer/Platforms/iPhoneSimulator.platform/Developer/SDKs/iPhoneSimulator26.2.sdk/Developer/Library/Frameworks -parse-as-library -c -j10 -enable-batch-mode -incremental -Xcc -ivfsstatcache -Xcc /Users/shehninadeem/Library/Developer/Xcode/DerivedData/SDKStatCaches.noindex/iphonesimulator26.2-23C53-7d00a8b37fbd7999ea79df8ebc024bf0.sdkstatcache -output-file-map /Users/shehninadeem/Library/Developer/Xcode/DerivedData/Sentinel-gaqtyzgffvslneaduyuvswhpiqtn/Build/Intermediates.noindex/swift-syntax.build/Debug-iphonesimulator/SwiftSyntax602.build/Objects-normal/arm64/SwiftSyntax602-OutputFileMap.json -use-frontend-parseable-output -save-temps -no-color-diagnostics -explicit-module-build -module-cache-path /Users/shehninadeem/Library/Developer/Xcode/DerivedData/Sentinel-gaqtyzgffvslneaduyuvswhpiqtn/Build/Intermediates.noindex/SwiftExplicitPrecompiledModules -clang-scanner-module-cache-path /Users/shehninadeem/Library/Developer/Xcode/DerivedData/ModuleCache.noindex -sdk-module-cache-path /Users/shehninadeem/Library/Developer/Xcode/DerivedData/ModuleCache.noindex -serialize-diagnostics -emit-dependencies -emit-module -emit-module-path /Users/shehninadeem/Library/Developer/Xcode/DerivedData/Sentinel-gaqtyzgffvslneaduyuvswhpiqtn/Build/Intermediates.noindex/swift-syntax.build/Debug-iphonesimulator/SwiftSyntax602.build/Objects-normal/arm64/SwiftSyntax602.swiftmodule -validate-clang-modules-once -clang-build-session-file /Users/shehninadeem/Library/Developer/Xcode/DerivedData/ModuleCache.noindex/Session.modulevalidation -package-name swift_syntax -Xcc -I/Users/shehninadeem/Library/Developer/Xcode/DerivedData/Sentinel-gaqtyzgffvslneaduyuvswhpiqtn/Build/Intermediates.noindex/swift-syntax.build/Debug-iphonesimulator/SwiftSyntax602.build/swift-overrides.hmap -emit-const-values -Xfrontend -const-gather-protocols-file -Xfrontend /Users/shehninadeem/Library/Developer/Xcode/DerivedData/Sentinel-gaqtyzgffvslneaduyuvswhpiqtn/Build/Intermediates.noindex/swift-syntax.build/Debug-iphonesimulator/SwiftSyntax602.build/Objects-normal/arm64/SwiftSyntax602_const_extract_protocols.json -Xcc -I/Users/shehninadeem/Library/Developer/Xcode/DerivedData/Sentinel-gaqtyzgffvslneaduyuvswhpiqtn/Build/Products/Debug-iphonesimulator/include -Xcc -I/Users/shehninadeem/Library/Developer/Xcode/DerivedData/Sentinel-gaqtyzgffvslneaduyuvswhpiqtn/Build/Intermediates.noindex/swift-syntax.build/Debug-iphonesimulator/SwiftSyntax602.build/DerivedSources-normal/arm64 -Xcc -I/Users/shehninadeem/Library/Developer/Xcode/DerivedData/Sentinel-gaqtyzgffvslneaduyuvswhpiqtn/Build/Intermediates.noindex/swift-syntax.build/Debug-iphonesimulator/SwiftSyntax602.build/DerivedSources/arm64 -Xcc -I/Users/shehninadeem/Library/Developer/Xcode/DerivedData/Sentinel-gaqtyzgffvslneaduyuvswhpiqtn/Build/Intermediates.noindex/swift-syntax.build/Debug-iphonesimulator/SwiftSyntax602.build/DerivedSources -Xcc -DSWIFT_PACKAGE -Xcc -DDEBUG\=1 -emit-objc-header -emit-objc-header-path /Users/shehninadeem/Library/Developer/Xcode/DerivedData/Sentinel-gaqtyzgffvslneaduyuvswhpiqtn/Build/Intermediates.noindex/swift-syntax.build/Debug-iphonesimulator/SwiftSyntax602.build/Objects-normal/arm64/SwiftSyntax602-Swift.h -working-directory /Users/shehninadeem/Desktop/Sentinel_v2/Sentinel.xcodeproj -experimental-emit-module-separately -disable-cmo

SwiftDriver SwiftSyntax601 normal arm64 com.apple.xcode.tools.swift.compiler (in target 'SwiftSyntax601' from project 'swift-syntax')
    cd /Users/shehninadeem/Desktop/Sentinel_v2/Sentinel.xcodeproj
    builtin-SwiftDriver -- /Applications/Xcode.app/Contents/Developer/Toolchains/XcodeDefault.xctoolchain/usr/bin/swiftc -module-name SwiftSyntax601 -Onone -enforce-exclusivity\=checked @/Users/shehninadeem/Library/Developer/Xcode/DerivedData/Sentinel-gaqtyzgffvslneaduyuvswhpiqtn/Build/Intermediates.noindex/swift-syntax.build/Debug-iphonesimulator/SwiftSyntax601.build/Objects-normal/arm64/SwiftSyntax601.SwiftFileList -DSWIFT_PACKAGE -DDEBUG -DSWIFT_MODULE_RESOURCE_BUNDLE_UNAVAILABLE -DXcode -plugin-path /Applications/Xcode.app/Contents/Developer/Toolchains/XcodeDefault.xctoolchain/usr/lib/swift/host/plugins/testing -enable-experimental-feature DebugDescriptionMacro -sdk /Applications/Xcode.app/Contents/Developer/Platforms/iPhoneSimulator.platform/Developer/SDKs/iPhoneSimulator26.2.sdk -target arm64-apple-ios13.0-simulator -g -module-cache-path /Users/shehninadeem/Library/Developer/Xcode/DerivedData/ModuleCache.noindex -Xfrontend -serialize-debugging-options -enable-testing -suppress-warnings -index-store-path /Users/shehninadeem/Library/Developer/Xcode/DerivedData/Sentinel-gaqtyzgffvslneaduyuvswhpiqtn/Index.noindex/DataStore -Xcc -D_LIBCPP_HARDENING_MODE\=_LIBCPP_HARDENING_MODE_DEBUG -swift-version 6 -I /Users/shehninadeem/Library/Developer/Xcode/DerivedData/Sentinel-gaqtyzgffvslneaduyuvswhpiqtn/Build/Products/Debug-iphonesimulator -Isystem /Applications/Xcode.app/Contents/Developer/Platforms/iPhoneSimulator.platform/Developer/usr/lib -F /Users/shehninadeem/Library/Developer/Xcode/DerivedData/Sentinel-gaqtyzgffvslneaduyuvswhpiqtn/Build/Products/Debug-iphonesimulator -F /Applications/Xcode.app/Contents/Developer/Platforms/iPhoneSimulator.platform/Developer/Library/Frameworks -F /Applications/Xcode.app/Contents/Developer/Platforms/iPhoneSimulator.platform/Developer/SDKs/iPhoneSimulator26.2.sdk/Developer/Library/Frameworks -parse-as-library -c -j10 -enable-batch-mode -incremental -Xcc -ivfsstatcache -Xcc /Users/shehninadeem/Library/Developer/Xcode/DerivedData/SDKStatCaches.noindex/iphonesimulator26.2-23C53-7d00a8b37fbd7999ea79df8ebc024bf0.sdkstatcache -output-file-map /Users/shehninadeem/Library/Developer/Xcode/DerivedData/Sentinel-gaqtyzgffvslneaduyuvswhpiqtn/Build/Intermediates.noindex/swift-syntax.build/Debug-iphonesimulator/SwiftSyntax601.build/Objects-normal/arm64/SwiftSyntax601-OutputFileMap.json -use-frontend-parseable-output -save-temps -no-color-diagnostics -explicit-module-build -module-cache-path /Users/shehninadeem/Library/Developer/Xcode/DerivedData/Sentinel-gaqtyzgffvslneaduyuvswhpiqtn/Build/Intermediates.noindex/SwiftExplicitPrecompiledModules -clang-scanner-module-cache-path /Users/shehninadeem/Library/Developer/Xcode/DerivedData/ModuleCache.noindex -sdk-module-cache-path /Users/shehninadeem/Library/Developer/Xcode/DerivedData/ModuleCache.noindex -serialize-diagnostics -emit-dependencies -emit-module -emit-module-path /Users/shehninadeem/Library/Developer/Xcode/DerivedData/Sentinel-gaqtyzgffvslneaduyuvswhpiqtn/Build/Intermediates.noindex/swift-syntax.build/Debug-iphonesimulator/SwiftSyntax601.build/Objects-normal/arm64/SwiftSyntax601.swiftmodule -validate-clang-modules-once -clang-build-session-file /Users/shehninadeem/Library/Developer/Xcode/DerivedData/ModuleCache.noindex/Session.modulevalidation -package-name swift_syntax -Xcc -I/Users/shehninadeem/Library/Developer/Xcode/DerivedData/Sentinel-gaqtyzgffvslneaduyuvswhpiqtn/Build/Intermediates.noindex/swift-syntax.build/Debug-iphonesimulator/SwiftSyntax601.build/swift-overrides.hmap -emit-const-values -Xfrontend -const-gather-protocols-file -Xfrontend /Users/shehninadeem/Library/Developer/Xcode/DerivedData/Sentinel-gaqtyzgffvslneaduyuvswhpiqtn/Build/Intermediates.noindex/swift-syntax.build/Debug-iphonesimulator/SwiftSyntax601.build/Objects-normal/arm64/SwiftSyntax601_const_extract_protocols.json -Xcc -I/Users/shehninadeem/Library/Developer/Xcode/DerivedData/Sentinel-gaqtyzgffvslneaduyuvswhpiqtn/Build/Products/Debug-iphonesimulator/include -Xcc -I/Users/shehninadeem/Library/Developer/Xcode/DerivedData/Sentinel-gaqtyzgffvslneaduyuvswhpiqtn/Build/Intermediates.noindex/swift-syntax.build/Debug-iphonesimulator/SwiftSyntax601.build/DerivedSources-normal/arm64 -Xcc -I/Users/shehninadeem/Library/Developer/Xcode/DerivedData/Sentinel-gaqtyzgffvslneaduyuvswhpiqtn/Build/Intermediates.noindex/swift-syntax.build/Debug-iphonesimulator/SwiftSyntax601.build/DerivedSources/arm64 -Xcc -I/Users/shehninadeem/Library/Developer/Xcode/DerivedData/Sentinel-gaqtyzgffvslneaduyuvswhpiqtn/Build/Intermediates.noindex/swift-syntax.build/Debug-iphonesimulator/SwiftSyntax601.build/DerivedSources -Xcc -DSWIFT_PACKAGE -Xcc -DDEBUG\=1 -emit-objc-header -emit-objc-header-path /Users/shehninadeem/Library/Developer/Xcode/DerivedData/Sentinel-gaqtyzgffvslneaduyuvswhpiqtn/Build/Intermediates.noindex/swift-syntax.build/Debug-iphonesimulator/SwiftSyntax601.build/Objects-normal/arm64/SwiftSyntax601-Swift.h -working-directory /Users/shehninadeem/Desktop/Sentinel_v2/Sentinel.xcodeproj -experimental-emit-module-separately -disable-cmo

SwiftDriver SwiftSyntax601 normal x86_64 com.apple.xcode.tools.swift.compiler (in target 'SwiftSyntax601' from project 'swift-syntax')
    cd /Users/shehninadeem/Desktop/Sentinel_v2/Sentinel.xcodeproj
    builtin-SwiftDriver -- /Applications/Xcode.app/Contents/Developer/Toolchains/XcodeDefault.xctoolchain/usr/bin/swiftc -module-name SwiftSyntax601 -Onone -enforce-exclusivity\=checked @/Users/shehninadeem/Library/Developer/Xcode/DerivedData/Sentinel-gaqtyzgffvslneaduyuvswhpiqtn/Build/Intermediates.noindex/swift-syntax.build/Debug-iphonesimulator/SwiftSyntax601.build/Objects-normal/x86_64/SwiftSyntax601.SwiftFileList -DSWIFT_PACKAGE -DDEBUG -DSWIFT_MODULE_RESOURCE_BUNDLE_UNAVAILABLE -DXcode -plugin-path /Applications/Xcode.app/Contents/Developer/Toolchains/XcodeDefault.xctoolchain/usr/lib/swift/host/plugins/testing -enable-experimental-feature DebugDescriptionMacro -sdk /Applications/Xcode.app/Contents/Developer/Platforms/iPhoneSimulator.platform/Developer/SDKs/iPhoneSimulator26.2.sdk -target x86_64-apple-ios13.0-simulator -g -module-cache-path /Users/shehninadeem/Library/Developer/Xcode/DerivedData/ModuleCache.noindex -Xfrontend -serialize-debugging-options -enable-testing -suppress-warnings -index-store-path /Users/shehninadeem/Library/Developer/Xcode/DerivedData/Sentinel-gaqtyzgffvslneaduyuvswhpiqtn/Index.noindex/DataStore -Xcc -D_LIBCPP_HARDENING_MODE\=_LIBCPP_HARDENING_MODE_DEBUG -swift-version 6 -I /Users/shehninadeem/Library/Developer/Xcode/DerivedData/Sentinel-gaqtyzgffvslneaduyuvswhpiqtn/Build/Products/Debug-iphonesimulator -Isystem /Applications/Xcode.app/Contents/Developer/Platforms/iPhoneSimulator.platform/Developer/usr/lib -F /Users/shehninadeem/Library/Developer/Xcode/DerivedData/Sentinel-gaqtyzgffvslneaduyuvswhpiqtn/Build/Products/Debug-iphonesimulator -F /Applications/Xcode.app/Contents/Developer/Platforms/iPhoneSimulator.platform/Developer/Library/Frameworks -F /Applications/Xcode.app/Contents/Developer/Platforms/iPhoneSimulator.platform/Developer/SDKs/iPhoneSimulator26.2.sdk/Developer/Library/Frameworks -parse-as-library -c -j10 -enable-batch-mode -incremental -Xcc -ivfsstatcache -Xcc /Users/shehninadeem/Library/Developer/Xcode/DerivedData/SDKStatCaches.noindex/iphonesimulator26.2-23C53-7d00a8b37fbd7999ea79df8ebc024bf0.sdkstatcache -output-file-map /Users/shehninadeem/Library/Developer/Xcode/DerivedData/Sentinel-gaqtyzgffvslneaduyuvswhpiqtn/Build/Intermediates.noindex/swift-syntax.build/Debug-iphonesimulator/SwiftSyntax601.build/Objects-normal/x86_64/SwiftSyntax601-OutputFileMap.json -use-frontend-parseable-output -save-temps -no-color-diagnostics -explicit-module-build -module-cache-path /Users/shehninadeem/Library/Developer/Xcode/DerivedData/Sentinel-gaqtyzgffvslneaduyuvswhpiqtn/Build/Intermediates.noindex/SwiftExplicitPrecompiledModules -clang-scanner-module-cache-path /Users/shehninadeem/Library/Developer/Xcode/DerivedData/ModuleCache.noindex -sdk-module-cache-path /Users/shehninadeem/Library/Developer/Xcode/DerivedData/ModuleCache.noindex -serialize-diagnostics -emit-dependencies -emit-module -emit-module-path /Users/shehninadeem/Library/Developer/Xcode/DerivedData/Sentinel-gaqtyzgffvslneaduyuvswhpiqtn/Build/Intermediates.noindex/swift-syntax.build/Debug-iphonesimulator/SwiftSyntax601.build/Objects-normal/x86_64/SwiftSyntax601.swiftmodule -validate-clang-modules-once -clang-build-session-file /Users/shehninadeem/Library/Developer/Xcode/DerivedData/ModuleCache.noindex/Session.modulevalidation -package-name swift_syntax -Xcc -I/Users/shehninadeem/Library/Developer/Xcode/DerivedData/Sentinel-gaqtyzgffvslneaduyuvswhpiqtn/Build/Intermediates.noindex/swift-syntax.build/Debug-iphonesimulator/SwiftSyntax601.build/swift-overrides.hmap -emit-const-values -Xfrontend -const-gather-protocols-file -Xfrontend /Users/shehninadeem/Library/Developer/Xcode/DerivedData/Sentinel-gaqtyzgffvslneaduyuvswhpiqtn/Build/Intermediates.noindex/swift-syntax.build/Debug-iphonesimulator/SwiftSyntax601.build/Objects-normal/x86_64/SwiftSyntax601_const_extract_protocols.json -Xcc -I/Users/shehninadeem/Library/Developer/Xcode/DerivedData/Sentinel-gaqtyzgffvslneaduyuvswhpiqtn/Build/Products/Debug-iphonesimulator/include -Xcc -I/Users/shehninadeem/Library/Developer/Xcode/DerivedData/Sentinel-gaqtyzgffvslneaduyuvswhpiqtn/Build/Intermediates.noindex/swift-syntax.build/Debug-iphonesimulator/SwiftSyntax601.build/DerivedSources-normal/x86_64 -Xcc -I/Users/shehninadeem/Library/Developer/Xcode/DerivedData/Sentinel-gaqtyzgffvslneaduyuvswhpiqtn/Build/Intermediates.noindex/swift-syntax.build/Debug-iphonesimulator/SwiftSyntax601.build/DerivedSources/x86_64 -Xcc -I/Users/shehninadeem/Library/Developer/Xcode/DerivedData/Sentinel-gaqtyzgffvslneaduyuvswhpiqtn/Build/Intermediates.noindex/swift-syntax.build/Debug-iphonesimulator/SwiftSyntax601.build/DerivedSources -Xcc -DSWIFT_PACKAGE -Xcc -DDEBUG\=1 -emit-objc-header -emit-objc-header-path /Users/shehninadeem/Library/Developer/Xcode/DerivedData/Sentinel-gaqtyzgffvslneaduyuvswhpiqtn/Build/Intermediates.noindex/swift-syntax.build/Debug-iphonesimulator/SwiftSyntax601.build/Objects-normal/x86_64/SwiftSyntax601-Swift.h -working-directory /Users/shehninadeem/Desktop/Sentinel_v2/Sentinel.xcodeproj -experimental-emit-module-separately -disable-cmo
warning: module file '/Users/shehninadeem/Library/Developer/Xcode/DerivedData/Sentinel-gaqtyzgffvslneaduyuvswhpiqtn/SourcePackages/prebuilts/swift-syntax/602.0.0/swiftlang-6.2.3.3.21-MacroSupport-macos_aarch64/Modules/SwiftCompilerPlugin.swiftmodule' is incompatible with this Swift compiler: SDK does not match
warning: module file '/Users/shehninadeem/Library/Developer/Xcode/DerivedData/Sentinel-gaqtyzgffvslneaduyuvswhpiqtn/SourcePackages/prebuilts/swift-syntax/602.0.0/swiftlang-6.2.3.3.21-MacroSupport-macos_aarch64/Modules/SwiftSyntax.swiftmodule' is incompatible with this Swift compiler: SDK does not match
warning: module file '/Users/shehninadeem/Library/Developer/Xcode/DerivedData/Sentinel-gaqtyzgffvslneaduyuvswhpiqtn/SourcePackages/prebuilts/swift-syntax/602.0.0/swiftlang-6.2.3.3.21-MacroSupport-macos_aarch64/Modules/SwiftSyntaxBuilder.swiftmodule' is incompatible with this Swift compiler: SDK does not match
warning: module file '/Users/shehninadeem/Library/Developer/Xcode/DerivedData/Sentinel-gaqtyzgffvslneaduyuvswhpiqtn/SourcePackages/prebuilts/swift-syntax/602.0.0/swiftlang-6.2.3.3.21-MacroSupport-macos_aarch64/Modules/SwiftSyntaxMacros.swiftmodule' is incompatible with this Swift compiler: SDK does not match
/Users/shehninadeem/Library/Developer/Xcode/DerivedData/Sentinel-gaqtyzgffvslneaduyuvswhpiqtn/SourcePackages/checkouts/LLM.swift/Sources/LLMMacrosImplementation/GeneratableMacro.swift:1:8: error: Unable to find module dependency: 'SwiftCompilerPlugin'
import SwiftCompilerPlugin
       ^
/Users/shehninadeem/Library/Developer/Xcode/DerivedData/Sentinel-gaqtyzgffvslneaduyuvswhpiqtn/SourcePackages/checkouts/LLM.swift/Sources/LLMMacrosImplementation/GeneratableMacro.swift:1:8: note: a dependency of main module 'LLMMacrosImplementation'
import SwiftCompilerPlugin
       ^
/Users/shehninadeem/Library/Developer/Xcode/DerivedData/Sentinel-gaqtyzgffvslneaduyuvswhpiqtn/SourcePackages/checkouts/LLM.swift/Sources/LLMMacrosImplementation/Plugin.swift:1:8: note: also imported here
import SwiftCompilerPlugin
       ^
/Users/shehninadeem/Library/Developer/Xcode/DerivedData/Sentinel-gaqtyzgffvslneaduyuvswhpiqtn/SourcePackages/checkouts/LLM.swift/Sources/LLMMacrosImplementation/GeneratableMacro.swift:2:8: error: Unable to find module dependency: 'SwiftSyntax'
import SwiftSyntax
       ^
/Users/shehninadeem/Library/Developer/Xcode/DerivedData/Sentinel-gaqtyzgffvslneaduyuvswhpiqtn/SourcePackages/checkouts/LLM.swift/Sources/LLMMacrosImplementation/GeneratableMacro.swift:2:8: note: a dependency of main module 'LLMMacrosImplementation'
import SwiftSyntax
       ^
/Users/shehninadeem/Library/Developer/Xcode/DerivedData/Sentinel-gaqtyzgffvslneaduyuvswhpiqtn/SourcePackages/checkouts/LLM.swift/Sources/LLMMacrosImplementation/GeneratableMacro.swift:3:8: error: Unable to find module dependency: 'SwiftSyntaxBuilder'
import SwiftSyntaxBuilder
       ^
/Users/shehninadeem/Library/Developer/Xcode/DerivedData/Sentinel-gaqtyzgffvslneaduyuvswhpiqtn/SourcePackages/checkouts/LLM.swift/Sources/LLMMacrosImplementation/GeneratableMacro.swift:3:8: note: a dependency of main module 'LLMMacrosImplementation'
import SwiftSyntaxBuilder
       ^
/Users/shehninadeem/Library/Developer/Xcode/DerivedData/Sentinel-gaqtyzgffvslneaduyuvswhpiqtn/SourcePackages/checkouts/LLM.swift/Sources/LLMMacrosImplementation/GeneratableMacro.swift:4:8: error: Unable to find module dependency: 'SwiftSyntaxMacros'
import SwiftSyntaxMacros
       ^
/Users/shehninadeem/Library/Developer/Xcode/DerivedData/Sentinel-gaqtyzgffvslneaduyuvswhpiqtn/SourcePackages/checkouts/LLM.swift/Sources/LLMMacrosImplementation/GeneratableMacro.swift:4:8: note: a dependency of main module 'LLMMacrosImplementation'
import SwiftSyntaxMacros
       ^
/Users/shehninadeem/Library/Developer/Xcode/DerivedData/Sentinel-gaqtyzgffvslneaduyuvswhpiqtn/SourcePackages/checkouts/LLM.swift/Sources/LLMMacrosImplementation/Plugin.swift:2:8: note: also imported here
import SwiftSyntaxMacros
       ^

SwiftDriver SwiftSyntax600 normal arm64 com.apple.xcode.tools.swift.compiler (in target 'SwiftSyntax600' from project 'swift-syntax')
    cd /Users/shehninadeem/Desktop/Sentinel_v2/Sentinel.xcodeproj
    builtin-SwiftDriver -- /Applications/Xcode.app/Contents/Developer/Toolchains/XcodeDefault.xctoolchain/usr/bin/swiftc -module-name SwiftSyntax600 -Onone -enforce-exclusivity\=checked @/Users/shehninadeem/Library/Developer/Xcode/DerivedData/Sentinel-gaqtyzgffvslneaduyuvswhpiqtn/Build/Intermediates.noindex/swift-syntax.build/Debug-iphonesimulator/SwiftSyntax600.build/Objects-normal/arm64/SwiftSyntax600.SwiftFileList -DSWIFT_PACKAGE -DDEBUG -DSWIFT_MODULE_RESOURCE_BUNDLE_UNAVAILABLE -DXcode -plugin-path /Applications/Xcode.app/Contents/Developer/Toolchains/XcodeDefault.xctoolchain/usr/lib/swift/host/plugins/testing -enable-experimental-feature DebugDescriptionMacro -sdk /Applications/Xcode.app/Contents/Developer/Platforms/iPhoneSimulator.platform/Developer/SDKs/iPhoneSimulator26.2.sdk -target arm64-apple-ios13.0-simulator -g -module-cache-path /Users/shehninadeem/Library/Developer/Xcode/DerivedData/ModuleCache.noindex -Xfrontend -serialize-debugging-options -enable-testing -suppress-warnings -index-store-path /Users/shehninadeem/Library/Developer/Xcode/DerivedData/Sentinel-gaqtyzgffvslneaduyuvswhpiqtn/Index.noindex/DataStore -Xcc -D_LIBCPP_HARDENING_MODE\=_LIBCPP_HARDENING_MODE_DEBUG -swift-version 6 -I /Users/shehninadeem/Library/Developer/Xcode/DerivedData/Sentinel-gaqtyzgffvslneaduyuvswhpiqtn/Build/Products/Debug-iphonesimulator -Isystem /Applications/Xcode.app/Contents/Developer/Platforms/iPhoneSimulator.platform/Developer/usr/lib -F /Users/shehninadeem/Library/Developer/Xcode/DerivedData/Sentinel-gaqtyzgffvslneaduyuvswhpiqtn/Build/Products/Debug-iphonesimulator -F /Applications/Xcode.app/Contents/Developer/Platforms/iPhoneSimulator.platform/Developer/Library/Frameworks -F /Applications/Xcode.app/Contents/Developer/Platforms/iPhoneSimulator.platform/Developer/SDKs/iPhoneSimulator26.2.sdk/Developer/Library/Frameworks -parse-as-library -c -j10 -enable-batch-mode -incremental -Xcc -ivfsstatcache -Xcc /Users/shehninadeem/Library/Developer/Xcode/DerivedData/SDKStatCaches.noindex/iphonesimulator26.2-23C53-7d00a8b37fbd7999ea79df8ebc024bf0.sdkstatcache -output-file-map /Users/shehninadeem/Library/Developer/Xcode/DerivedData/Sentinel-gaqtyzgffvslneaduyuvswhpiqtn/Build/Intermediates.noindex/swift-syntax.build/Debug-iphonesimulator/SwiftSyntax600.build/Objects-normal/arm64/SwiftSyntax600-OutputFileMap.json -use-frontend-parseable-output -save-temps -no-color-diagnostics -explicit-module-build -module-cache-path /Users/shehninadeem/Library/Developer/Xcode/DerivedData/Sentinel-gaqtyzgffvslneaduyuvswhpiqtn/Build/Intermediates.noindex/SwiftExplicitPrecompiledModules -clang-scanner-module-cache-path /Users/shehninadeem/Library/Developer/Xcode/DerivedData/ModuleCache.noindex -sdk-module-cache-path /Users/shehninadeem/Library/Developer/Xcode/DerivedData/ModuleCache.noindex -serialize-diagnostics -emit-dependencies -emit-module -emit-module-path /Users/shehninadeem/Library/Developer/Xcode/DerivedData/Sentinel-gaqtyzgffvslneaduyuvswhpiqtn/Build/Intermediates.noindex/swift-syntax.build/Debug-iphonesimulator/SwiftSyntax600.build/Objects-normal/arm64/SwiftSyntax600.swiftmodule -validate-clang-modules-once -clang-build-session-file /Users/shehninadeem/Library/Developer/Xcode/DerivedData/ModuleCache.noindex/Session.modulevalidation -package-name swift_syntax -Xcc -I/Users/shehninadeem/Library/Developer/Xcode/DerivedData/Sentinel-gaqtyzgffvslneaduyuvswhpiqtn/Build/Intermediates.noindex/swift-syntax.build/Debug-iphonesimulator/SwiftSyntax600.build/swift-overrides.hmap -emit-const-values -Xfrontend -const-gather-protocols-file -Xfrontend /Users/shehninadeem/Library/Developer/Xcode/DerivedData/Sentinel-gaqtyzgffvslneaduyuvswhpiqtn/Build/Intermediates.noindex/swift-syntax.build/Debug-iphonesimulator/SwiftSyntax600.build/Objects-normal/arm64/SwiftSyntax600_const_extract_protocols.json -Xcc -I/Users/shehninadeem/Library/Developer/Xcode/DerivedData/Sentinel-gaqtyzgffvslneaduyuvswhpiqtn/Build/Products/Debug-iphonesimulator/include -Xcc -I/Users/shehninadeem/Library/Developer/Xcode/DerivedData/Sentinel-gaqtyzgffvslneaduyuvswhpiqtn/Build/Intermediates.noindex/swift-syntax.build/Debug-iphonesimulator/SwiftSyntax600.build/DerivedSources-normal/arm64 -Xcc -I/Users/shehninadeem/Library/Developer/Xcode/DerivedData/Sentinel-gaqtyzgffvslneaduyuvswhpiqtn/Build/Intermediates.noindex/swift-syntax.build/Debug-iphonesimulator/SwiftSyntax600.build/DerivedSources/arm64 -Xcc -I/Users/shehninadeem/Library/Developer/Xcode/DerivedData/Sentinel-gaqtyzgffvslneaduyuvswhpiqtn/Build/Intermediates.noindex/swift-syntax.build/Debug-iphonesimulator/SwiftSyntax600.build/DerivedSources -Xcc -DSWIFT_PACKAGE -Xcc -DDEBUG\=1 -emit-objc-header -emit-objc-header-path /Users/shehninadeem/Library/Developer/Xcode/DerivedData/Sentinel-gaqtyzgffvslneaduyuvswhpiqtn/Build/Intermediates.noindex/swift-syntax.build/Debug-iphonesimulator/SwiftSyntax600.build/Objects-normal/arm64/SwiftSyntax600-Swift.h -working-directory /Users/shehninadeem/Desktop/Sentinel_v2/Sentinel.xcodeproj -experimental-emit-module-separately -disable-cmo

SwiftDriver SwiftSyntax600 normal x86_64 com.apple.xcode.tools.swift.compiler (in target 'SwiftSyntax600' from project 'swift-syntax')
    cd /Users/shehninadeem/Desktop/Sentinel_v2/Sentinel.xcodeproj
    builtin-SwiftDriver -- /Applications/Xcode.app/Contents/Developer/Toolchains/XcodeDefault.xctoolchain/usr/bin/swiftc -module-name SwiftSyntax600 -Onone -enforce-exclusivity\=checked @/Users/shehninadeem/Library/Developer/Xcode/DerivedData/Sentinel-gaqtyzgffvslneaduyuvswhpiqtn/Build/Intermediates.noindex/swift-syntax.build/Debug-iphonesimulator/SwiftSyntax600.build/Objects-normal/x86_64/SwiftSyntax600.SwiftFileList -DSWIFT_PACKAGE -DDEBUG -DSWIFT_MODULE_RESOURCE_BUNDLE_UNAVAILABLE -DXcode -plugin-path /Applications/Xcode.app/Contents/Developer/Toolchains/XcodeDefault.xctoolchain/usr/lib/swift/host/plugins/testing -enable-experimental-feature DebugDescriptionMacro -sdk /Applications/Xcode.app/Contents/Developer/Platforms/iPhoneSimulator.platform/Developer/SDKs/iPhoneSimulator26.2.sdk -target x86_64-apple-ios13.0-simulator -g -module-cache-path /Users/shehninadeem/Library/Developer/Xcode/DerivedData/ModuleCache.noindex -Xfrontend -serialize-debugging-options -enable-testing -suppress-warnings -index-store-path /Users/shehninadeem/Library/Developer/Xcode/DerivedData/Sentinel-gaqtyzgffvslneaduyuvswhpiqtn/Index.noindex/DataStore -Xcc -D_LIBCPP_HARDENING_MODE\=_LIBCPP_HARDENING_MODE_DEBUG -swift-version 6 -I /Users/shehninadeem/Library/Developer/Xcode/DerivedData/Sentinel-gaqtyzgffvslneaduyuvswhpiqtn/Build/Products/Debug-iphonesimulator -Isystem /Applications/Xcode.app/Contents/Developer/Platforms/iPhoneSimulator.platform/Developer/usr/lib -F /Users/shehninadeem/Library/Developer/Xcode/DerivedData/Sentinel-gaqtyzgffvslneaduyuvswhpiqtn/Build/Products/Debug-iphonesimulator -F /Applications/Xcode.app/Contents/Developer/Platforms/iPhoneSimulator.platform/Developer/Library/Frameworks -F /Applications/Xcode.app/Contents/Developer/Platforms/iPhoneSimulator.platform/Developer/SDKs/iPhoneSimulator26.2.sdk/Developer/Library/Frameworks -parse-as-library -c -j10 -enable-batch-mode -incremental -Xcc -ivfsstatcache -Xcc /Users/shehninadeem/Library/Developer/Xcode/DerivedData/SDKStatCaches.noindex/iphonesimulator26.2-23C53-7d00a8b37fbd7999ea79df8ebc024bf0.sdkstatcache -output-file-map /Users/shehninadeem/Library/Developer/Xcode/DerivedData/Sentinel-gaqtyzgffvslneaduyuvswhpiqtn/Build/Intermediates.noindex/swift-syntax.build/Debug-iphonesimulator/SwiftSyntax600.build/Objects-normal/x86_64/SwiftSyntax600-OutputFileMap.json -use-frontend-parseable-output -save-temps -no-color-diagnostics -explicit-module-build -module-cache-path /Users/shehninadeem/Library/Developer/Xcode/DerivedData/Sentinel-gaqtyzgffvslneaduyuvswhpiqtn/Build/Intermediates.noindex/SwiftExplicitPrecompiledModules -clang-scanner-module-cache-path /Users/shehninadeem/Library/Developer/Xcode/DerivedData/ModuleCache.noindex -sdk-module-cache-path /Users/shehninadeem/Library/Developer/Xcode/DerivedData/ModuleCache.noindex -serialize-diagnostics -emit-dependencies -emit-module -emit-module-path /Users/shehninadeem/Library/Developer/Xcode/DerivedData/Sentinel-gaqtyzgffvslneaduyuvswhpiqtn/Build/Intermediates.noindex/swift-syntax.build/Debug-iphonesimulator/SwiftSyntax600.build/Objects-normal/x86_64/SwiftSyntax600.swiftmodule -validate-clang-modules-once -clang-build-session-file /Users/shehninadeem/Library/Developer/Xcode/DerivedData/ModuleCache.noindex/Session.modulevalidation -package-name swift_syntax -Xcc -I/Users/shehninadeem/Library/Developer/Xcode/DerivedData/Sentinel-gaqtyzgffvslneaduyuvswhpiqtn/Build/Intermediates.noindex/swift-syntax.build/Debug-iphonesimulator/SwiftSyntax600.build/swift-overrides.hmap -emit-const-values -Xfrontend -const-gather-protocols-file -Xfrontend /Users/shehninadeem/Library/Developer/Xcode/DerivedData/Sentinel-gaqtyzgffvslneaduyuvswhpiqtn/Build/Intermediates.noindex/swift-syntax.build/Debug-iphonesimulator/SwiftSyntax600.build/Objects-normal/x86_64/SwiftSyntax600_const_extract_protocols.json -Xcc -I/Users/shehninadeem/Library/Developer/Xcode/DerivedData/Sentinel-gaqtyzgffvslneaduyuvswhpiqtn/Build/Products/Debug-iphonesimulator/include -Xcc -I/Users/shehninadeem/Library/Developer/Xcode/DerivedData/Sentinel-gaqtyzgffvslneaduyuvswhpiqtn/Build/Intermediates.noindex/swift-syntax.build/Debug-iphonesimulator/SwiftSyntax600.build/DerivedSources-normal/x86_64 -Xcc -I/Users/shehninadeem/Library/Developer/Xcode/DerivedData/Sentinel-gaqtyzgffvslneaduyuvswhpiqtn/Build/Intermediates.noindex/swift-syntax.build/Debug-iphonesimulator/SwiftSyntax600.build/DerivedSources/x86_64 -Xcc -I/Users/shehninadeem/Library/Developer/Xcode/DerivedData/Sentinel-gaqtyzgffvslneaduyuvswhpiqtn/Build/Intermediates.noindex/swift-syntax.build/Debug-iphonesimulator/SwiftSyntax600.build/DerivedSources -Xcc -DSWIFT_PACKAGE -Xcc -DDEBUG\=1 -emit-objc-header -emit-objc-header-path /Users/shehninadeem/Library/Developer/Xcode/DerivedData/Sentinel-gaqtyzgffvslneaduyuvswhpiqtn/Build/Intermediates.noindex/swift-syntax.build/Debug-iphonesimulator/SwiftSyntax600.build/Objects-normal/x86_64/SwiftSyntax600-Swift.h -working-directory /Users/shehninadeem/Desktop/Sentinel_v2/Sentinel.xcodeproj -experimental-emit-module-separately -disable-cmo

SwiftDriver SwiftSyntax510 normal x86_64 com.apple.xcode.tools.swift.compiler (in target 'SwiftSyntax510' from project 'swift-syntax')
    cd /Users/shehninadeem/Desktop/Sentinel_v2/Sentinel.xcodeproj
    builtin-SwiftDriver -- /Applications/Xcode.app/Contents/Developer/Toolchains/XcodeDefault.xctoolchain/usr/bin/swiftc -module-name SwiftSyntax510 -Onone -enforce-exclusivity\=checked @/Users/shehninadeem/Library/Developer/Xcode/DerivedData/Sentinel-gaqtyzgffvslneaduyuvswhpiqtn/Build/Intermediates.noindex/swift-syntax.build/Debug-iphonesimulator/SwiftSyntax510.build/Objects-normal/x86_64/SwiftSyntax510.SwiftFileList -DSWIFT_PACKAGE -DDEBUG -DSWIFT_MODULE_RESOURCE_BUNDLE_UNAVAILABLE -DXcode -plugin-path /Applications/Xcode.app/Contents/Developer/Toolchains/XcodeDefault.xctoolchain/usr/lib/swift/host/plugins/testing -enable-experimental-feature DebugDescriptionMacro -sdk /Applications/Xcode.app/Contents/Developer/Platforms/iPhoneSimulator.platform/Developer/SDKs/iPhoneSimulator26.2.sdk -target x86_64-apple-ios13.0-simulator -g -module-cache-path /Users/shehninadeem/Library/Developer/Xcode/DerivedData/ModuleCache.noindex -Xfrontend -serialize-debugging-options -enable-testing -suppress-warnings -index-store-path /Users/shehninadeem/Library/Developer/Xcode/DerivedData/Sentinel-gaqtyzgffvslneaduyuvswhpiqtn/Index.noindex/DataStore -Xcc -D_LIBCPP_HARDENING_MODE\=_LIBCPP_HARDENING_MODE_DEBUG -swift-version 6 -I /Users/shehninadeem/Library/Developer/Xcode/DerivedData/Sentinel-gaqtyzgffvslneaduyuvswhpiqtn/Build/Products/Debug-iphonesimulator -Isystem /Applications/Xcode.app/Contents/Developer/Platforms/iPhoneSimulator.platform/Developer/usr/lib -F /Users/shehninadeem/Library/Developer/Xcode/DerivedData/Sentinel-gaqtyzgffvslneaduyuvswhpiqtn/Build/Products/Debug-iphonesimulator -F /Applications/Xcode.app/Contents/Developer/Platforms/iPhoneSimulator.platform/Developer/Library/Frameworks -F /Applications/Xcode.app/Contents/Developer/Platforms/iPhoneSimulator.platform/Developer/SDKs/iPhoneSimulator26.2.sdk/Developer/Library/Frameworks -parse-as-library -c -j10 -enable-batch-mode -incremental -Xcc -ivfsstatcache -Xcc /Users/shehninadeem/Library/Developer/Xcode/DerivedData/SDKStatCaches.noindex/iphonesimulator26.2-23C53-7d00a8b37fbd7999ea79df8ebc024bf0.sdkstatcache -output-file-map /Users/shehninadeem/Library/Developer/Xcode/DerivedData/Sentinel-gaqtyzgffvslneaduyuvswhpiqtn/Build/Intermediates.noindex/swift-syntax.build/Debug-iphonesimulator/SwiftSyntax510.build/Objects-normal/x86_64/SwiftSyntax510-OutputFileMap.json -use-frontend-parseable-output -save-temps -no-color-diagnostics -explicit-module-build -module-cache-path /Users/shehninadeem/Library/Developer/Xcode/DerivedData/Sentinel-gaqtyzgffvslneaduyuvswhpiqtn/Build/Intermediates.noindex/SwiftExplicitPrecompiledModules -clang-scanner-module-cache-path /Users/shehninadeem/Library/Developer/Xcode/DerivedData/ModuleCache.noindex -sdk-module-cache-path /Users/shehninadeem/Library/Developer/Xcode/DerivedData/ModuleCache.noindex -serialize-diagnostics -emit-dependencies -emit-module -emit-module-path /Users/shehninadeem/Library/Developer/Xcode/DerivedData/Sentinel-gaqtyzgffvslneaduyuvswhpiqtn/Build/Intermediates.noindex/swift-syntax.build/Debug-iphonesimulator/SwiftSyntax510.build/Objects-normal/x86_64/SwiftSyntax510.swiftmodule -validate-clang-modules-once -clang-build-session-file /Users/shehninadeem/Library/Developer/Xcode/DerivedData/ModuleCache.noindex/Session.modulevalidation -package-name swift_syntax -Xcc -I/Users/shehninadeem/Library/Developer/Xcode/DerivedData/Sentinel-gaqtyzgffvslneaduyuvswhpiqtn/Build/Intermediates.noindex/swift-syntax.build/Debug-iphonesimulator/SwiftSyntax510.build/swift-overrides.hmap -emit-const-values -Xfrontend -const-gather-protocols-file -Xfrontend /Users/shehninadeem/Library/Developer/Xcode/DerivedData/Sentinel-gaqtyzgffvslneaduyuvswhpiqtn/Build/Intermediates.noindex/swift-syntax.build/Debug-iphonesimulator/SwiftSyntax510.build/Objects-normal/x86_64/SwiftSyntax510_const_extract_protocols.json -Xcc -I/Users/shehninadeem/Library/Developer/Xcode/DerivedData/Sentinel-gaqtyzgffvslneaduyuvswhpiqtn/Build/Products/Debug-iphonesimulator/include -Xcc -I/Users/shehninadeem/Library/Developer/Xcode/DerivedData/Sentinel-gaqtyzgffvslneaduyuvswhpiqtn/Build/Intermediates.noindex/swift-syntax.build/Debug-iphonesimulator/SwiftSyntax510.build/DerivedSources-normal/x86_64 -Xcc -I/Users/shehninadeem/Library/Developer/Xcode/DerivedData/Sentinel-gaqtyzgffvslneaduyuvswhpiqtn/Build/Intermediates.noindex/swift-syntax.build/Debug-iphonesimulator/SwiftSyntax510.build/DerivedSources/x86_64 -Xcc -I/Users/shehninadeem/Library/Developer/Xcode/DerivedData/Sentinel-gaqtyzgffvslneaduyuvswhpiqtn/Build/Intermediates.noindex/swift-syntax.build/Debug-iphonesimulator/SwiftSyntax510.build/DerivedSources -Xcc -DSWIFT_PACKAGE -Xcc -DDEBUG\=1 -emit-objc-header -emit-objc-header-path /Users/shehninadeem/Library/Developer/Xcode/DerivedData/Sentinel-gaqtyzgffvslneaduyuvswhpiqtn/Build/Intermediates.noindex/swift-syntax.build/Debug-iphonesimulator/SwiftSyntax510.build/Objects-normal/x86_64/SwiftSyntax510-Swift.h -working-directory /Users/shehninadeem/Desktop/Sentinel_v2/Sentinel.xcodeproj -experimental-emit-module-separately -disable-cmo

SwiftDriver SwiftSyntax510 normal arm64 com.apple.xcode.tools.swift.compiler (in target 'SwiftSyntax510' from project 'swift-syntax')
    cd /Users/shehninadeem/Desktop/Sentinel_v2/Sentinel.xcodeproj
    builtin-SwiftDriver -- /Applications/Xcode.app/Contents/Developer/Toolchains/XcodeDefault.xctoolchain/usr/bin/swiftc -module-name SwiftSyntax510 -Onone -enforce-exclusivity\=checked @/Users/shehninadeem/Library/Developer/Xcode/DerivedData/Sentinel-gaqtyzgffvslneaduyuvswhpiqtn/Build/Intermediates.noindex/swift-syntax.build/Debug-iphonesimulator/SwiftSyntax510.build/Objects-normal/arm64/SwiftSyntax510.SwiftFileList -DSWIFT_PACKAGE -DDEBUG -DSWIFT_MODULE_RESOURCE_BUNDLE_UNAVAILABLE -DXcode -plugin-path /Applications/Xcode.app/Contents/Developer/Toolchains/XcodeDefault.xctoolchain/usr/lib/swift/host/plugins/testing -enable-experimental-feature DebugDescriptionMacro -sdk /Applications/Xcode.app/Contents/Developer/Platforms/iPhoneSimulator.platform/Developer/SDKs/iPhoneSimulator26.2.sdk -target arm64-apple-ios13.0-simulator -g -module-cache-path /Users/shehninadeem/Library/Developer/Xcode/DerivedData/ModuleCache.noindex -Xfrontend -serialize-debugging-options -enable-testing -suppress-warnings -index-store-path /Users/shehninadeem/Library/Developer/Xcode/DerivedData/Sentinel-gaqtyzgffvslneaduyuvswhpiqtn/Index.noindex/DataStore -Xcc -D_LIBCPP_HARDENING_MODE\=_LIBCPP_HARDENING_MODE_DEBUG -swift-version 6 -I /Users/shehninadeem/Library/Developer/Xcode/DerivedData/Sentinel-gaqtyzgffvslneaduyuvswhpiqtn/Build/Products/Debug-iphonesimulator -Isystem /Applications/Xcode.app/Contents/Developer/Platforms/iPhoneSimulator.platform/Developer/usr/lib -F /Users/shehninadeem/Library/Developer/Xcode/DerivedData/Sentinel-gaqtyzgffvslneaduyuvswhpiqtn/Build/Products/Debug-iphonesimulator -F /Applications/Xcode.app/Contents/Developer/Platforms/iPhoneSimulator.platform/Developer/Library/Frameworks -F /Applications/Xcode.app/Contents/Developer/Platforms/iPhoneSimulator.platform/Developer/SDKs/iPhoneSimulator26.2.sdk/Developer/Library/Frameworks -parse-as-library -c -j10 -enable-batch-mode -incremental -Xcc -ivfsstatcache -Xcc /Users/shehninadeem/Library/Developer/Xcode/DerivedData/SDKStatCaches.noindex/iphonesimulator26.2-23C53-7d00a8b37fbd7999ea79df8ebc024bf0.sdkstatcache -output-file-map /Users/shehninadeem/Library/Developer/Xcode/DerivedData/Sentinel-gaqtyzgffvslneaduyuvswhpiqtn/Build/Intermediates.noindex/swift-syntax.build/Debug-iphonesimulator/SwiftSyntax510.build/Objects-normal/arm64/SwiftSyntax510-OutputFileMap.json -use-frontend-parseable-output -save-temps -no-color-diagnostics -explicit-module-build -module-cache-path /Users/shehninadeem/Library/Developer/Xcode/DerivedData/Sentinel-gaqtyzgffvslneaduyuvswhpiqtn/Build/Intermediates.noindex/SwiftExplicitPrecompiledModules -clang-scanner-module-cache-path /Users/shehninadeem/Library/Developer/Xcode/DerivedData/ModuleCache.noindex -sdk-module-cache-path /Users/shehninadeem/Library/Developer/Xcode/DerivedData/ModuleCache.noindex -serialize-diagnostics -emit-dependencies -emit-module -emit-module-path /Users/shehninadeem/Library/Developer/Xcode/DerivedData/Sentinel-gaqtyzgffvslneaduyuvswhpiqtn/Build/Intermediates.noindex/swift-syntax.build/Debug-iphonesimulator/SwiftSyntax510.build/Objects-normal/arm64/SwiftSyntax510.swiftmodule -validate-clang-modules-once -clang-build-session-file /Users/shehninadeem/Library/Developer/Xcode/DerivedData/ModuleCache.noindex/Session.modulevalidation -package-name swift_syntax -Xcc -I/Users/shehninadeem/Library/Developer/Xcode/DerivedData/Sentinel-gaqtyzgffvslneaduyuvswhpiqtn/Build/Intermediates.noindex/swift-syntax.build/Debug-iphonesimulator/SwiftSyntax510.build/swift-overrides.hmap -emit-const-values -Xfrontend -const-gather-protocols-file -Xfrontend /Users/shehninadeem/Library/Developer/Xcode/DerivedData/Sentinel-gaqtyzgffvslneaduyuvswhpiqtn/Build/Intermediates.noindex/swift-syntax.build/Debug-iphonesimulator/SwiftSyntax510.build/Objects-normal/arm64/SwiftSyntax510_const_extract_protocols.json -Xcc -I/Users/shehninadeem/Library/Developer/Xcode/DerivedData/Sentinel-gaqtyzgffvslneaduyuvswhpiqtn/Build/Products/Debug-iphonesimulator/include -Xcc -I/Users/shehninadeem/Library/Developer/Xcode/DerivedData/Sentinel-gaqtyzgffvslneaduyuvswhpiqtn/Build/Intermediates.noindex/swift-syntax.build/Debug-iphonesimulator/SwiftSyntax510.build/DerivedSources-normal/arm64 -Xcc -I/Users/shehninadeem/Library/Developer/Xcode/DerivedData/Sentinel-gaqtyzgffvslneaduyuvswhpiqtn/Build/Intermediates.noindex/swift-syntax.build/Debug-iphonesimulator/SwiftSyntax510.build/DerivedSources/arm64 -Xcc -I/Users/shehninadeem/Library/Developer/Xcode/DerivedData/Sentinel-gaqtyzgffvslneaduyuvswhpiqtn/Build/Intermediates.noindex/swift-syntax.build/Debug-iphonesimulator/SwiftSyntax510.build/DerivedSources -Xcc -DSWIFT_PACKAGE -Xcc -DDEBUG\=1 -emit-objc-header -emit-objc-header-path /Users/shehninadeem/Library/Developer/Xcode/DerivedData/Sentinel-gaqtyzgffvslneaduyuvswhpiqtn/Build/Intermediates.noindex/swift-syntax.build/Debug-iphonesimulator/SwiftSyntax510.build/Objects-normal/arm64/SwiftSyntax510-Swift.h -working-directory /Users/shehninadeem/Desktop/Sentinel_v2/Sentinel.xcodeproj -experimental-emit-module-separately -disable-cmo

SwiftDriver SwiftSyntax509 normal arm64 com.apple.xcode.tools.swift.compiler (in target 'SwiftSyntax509' from project 'swift-syntax')
    cd /Users/shehninadeem/Desktop/Sentinel_v2/Sentinel.xcodeproj
    builtin-SwiftDriver -- /Applications/Xcode.app/Contents/Developer/Toolchains/XcodeDefault.xctoolchain/usr/bin/swiftc -module-name SwiftSyntax509 -Onone -enforce-exclusivity\=checked @/Users/shehninadeem/Library/Developer/Xcode/DerivedData/Sentinel-gaqtyzgffvslneaduyuvswhpiqtn/Build/Intermediates.noindex/swift-syntax.build/Debug-iphonesimulator/SwiftSyntax509.build/Objects-normal/arm64/SwiftSyntax509.SwiftFileList -DSWIFT_PACKAGE -DDEBUG -DSWIFT_MODULE_RESOURCE_BUNDLE_UNAVAILABLE -DXcode -plugin-path /Applications/Xcode.app/Contents/Developer/Toolchains/XcodeDefault.xctoolchain/usr/lib/swift/host/plugins/testing -enable-experimental-feature DebugDescriptionMacro -sdk /Applications/Xcode.app/Contents/Developer/Platforms/iPhoneSimulator.platform/Developer/SDKs/iPhoneSimulator26.2.sdk -target arm64-apple-ios13.0-simulator -g -module-cache-path /Users/shehninadeem/Library/Developer/Xcode/DerivedData/ModuleCache.noindex -Xfrontend -serialize-debugging-options -enable-testing -suppress-warnings -index-store-path /Users/shehninadeem/Library/Developer/Xcode/DerivedData/Sentinel-gaqtyzgffvslneaduyuvswhpiqtn/Index.noindex/DataStore -Xcc -D_LIBCPP_HARDENING_MODE\=_LIBCPP_HARDENING_MODE_DEBUG -swift-version 6 -I /Users/shehninadeem/Library/Developer/Xcode/DerivedData/Sentinel-gaqtyzgffvslneaduyuvswhpiqtn/Build/Products/Debug-iphonesimulator -Isystem /Applications/Xcode.app/Contents/Developer/Platforms/iPhoneSimulator.platform/Developer/usr/lib -F /Users/shehninadeem/Library/Developer/Xcode/DerivedData/Sentinel-gaqtyzgffvslneaduyuvswhpiqtn/Build/Products/Debug-iphonesimulator -F /Applications/Xcode.app/Contents/Developer/Platforms/iPhoneSimulator.platform/Developer/Library/Frameworks -F /Applications/Xcode.app/Contents/Developer/Platforms/iPhoneSimulator.platform/Developer/SDKs/iPhoneSimulator26.2.sdk/Developer/Library/Frameworks -parse-as-library -c -j10 -enable-batch-mode -incremental -Xcc -ivfsstatcache -Xcc /Users/shehninadeem/Library/Developer/Xcode/DerivedData/SDKStatCaches.noindex/iphonesimulator26.2-23C53-7d00a8b37fbd7999ea79df8ebc024bf0.sdkstatcache -output-file-map /Users/shehninadeem/Library/Developer/Xcode/DerivedData/Sentinel-gaqtyzgffvslneaduyuvswhpiqtn/Build/Intermediates.noindex/swift-syntax.build/Debug-iphonesimulator/SwiftSyntax509.build/Objects-normal/arm64/SwiftSyntax509-OutputFileMap.json -use-frontend-parseable-output -save-temps -no-color-diagnostics -explicit-module-build -module-cache-path /Users/shehninadeem/Library/Developer/Xcode/DerivedData/Sentinel-gaqtyzgffvslneaduyuvswhpiqtn/Build/Intermediates.noindex/SwiftExplicitPrecompiledModules -clang-scanner-module-cache-path /Users/shehninadeem/Library/Developer/Xcode/DerivedData/ModuleCache.noindex -sdk-module-cache-path /Users/shehninadeem/Library/Developer/Xcode/DerivedData/ModuleCache.noindex -serialize-diagnostics -emit-dependencies -emit-module -emit-module-path /Users/shehninadeem/Library/Developer/Xcode/DerivedData/Sentinel-gaqtyzgffvslneaduyuvswhpiqtn/Build/Intermediates.noindex/swift-syntax.build/Debug-iphonesimulator/SwiftSyntax509.build/Objects-normal/arm64/SwiftSyntax509.swiftmodule -validate-clang-modules-once -clang-build-session-file /Users/shehninadeem/Library/Developer/Xcode/DerivedData/ModuleCache.noindex/Session.modulevalidation -package-name swift_syntax -Xcc -I/Users/shehninadeem/Library/Developer/Xcode/DerivedData/Sentinel-gaqtyzgffvslneaduyuvswhpiqtn/Build/Intermediates.noindex/swift-syntax.build/Debug-iphonesimulator/SwiftSyntax509.build/swift-overrides.hmap -emit-const-values -Xfrontend -const-gather-protocols-file -Xfrontend /Users/shehninadeem/Library/Developer/Xcode/DerivedData/Sentinel-gaqtyzgffvslneaduyuvswhpiqtn/Build/Intermediates.noindex/swift-syntax.build/Debug-iphonesimulator/SwiftSyntax509.build/Objects-normal/arm64/SwiftSyntax509_const_extract_protocols.json -Xcc -I/Users/shehninadeem/Library/Developer/Xcode/DerivedData/Sentinel-gaqtyzgffvslneaduyuvswhpiqtn/Build/Products/Debug-iphonesimulator/include -Xcc -I/Users/shehninadeem/Library/Developer/Xcode/DerivedData/Sentinel-gaqtyzgffvslneaduyuvswhpiqtn/Build/Intermediates.noindex/swift-syntax.build/Debug-iphonesimulator/SwiftSyntax509.build/DerivedSources-normal/arm64 -Xcc -I/Users/shehninadeem/Library/Developer/Xcode/DerivedData/Sentinel-gaqtyzgffvslneaduyuvswhpiqtn/Build/Intermediates.noindex/swift-syntax.build/Debug-iphonesimulator/SwiftSyntax509.build/DerivedSources/arm64 -Xcc -I/Users/shehninadeem/Library/Developer/Xcode/DerivedData/Sentinel-gaqtyzgffvslneaduyuvswhpiqtn/Build/Intermediates.noindex/swift-syntax.build/Debug-iphonesimulator/SwiftSyntax509.build/DerivedSources -Xcc -DSWIFT_PACKAGE -Xcc -DDEBUG\=1 -emit-objc-header -emit-objc-header-path /Users/shehninadeem/Library/Developer/Xcode/DerivedData/Sentinel-gaqtyzgffvslneaduyuvswhpiqtn/Build/Intermediates.noindex/swift-syntax.build/Debug-iphonesimulator/SwiftSyntax509.build/Objects-normal/arm64/SwiftSyntax509-Swift.h -working-directory /Users/shehninadeem/Desktop/Sentinel_v2/Sentinel.xcodeproj -experimental-emit-module-separately -disable-cmo

SwiftDriver SwiftSyntax509 normal x86_64 com.apple.xcode.tools.swift.compiler (in target 'SwiftSyntax509' from project 'swift-syntax')
    cd /Users/shehninadeem/Desktop/Sentinel_v2/Sentinel.xcodeproj
    builtin-SwiftDriver -- /Applications/Xcode.app/Contents/Developer/Toolchains/XcodeDefault.xctoolchain/usr/bin/swiftc -module-name SwiftSyntax509 -Onone -enforce-exclusivity\=checked @/Users/shehninadeem/Library/Developer/Xcode/DerivedData/Sentinel-gaqtyzgffvslneaduyuvswhpiqtn/Build/Intermediates.noindex/swift-syntax.build/Debug-iphonesimulator/SwiftSyntax509.build/Objects-normal/x86_64/SwiftSyntax509.SwiftFileList -DSWIFT_PACKAGE -DDEBUG -DSWIFT_MODULE_RESOURCE_BUNDLE_UNAVAILABLE -DXcode -plugin-path /Applications/Xcode.app/Contents/Developer/Toolchains/XcodeDefault.xctoolchain/usr/lib/swift/host/plugins/testing -enable-experimental-feature DebugDescriptionMacro -sdk /Applications/Xcode.app/Contents/Developer/Platforms/iPhoneSimulator.platform/Developer/SDKs/iPhoneSimulator26.2.sdk -target x86_64-apple-ios13.0-simulator -g -module-cache-path /Users/shehninadeem/Library/Developer/Xcode/DerivedData/ModuleCache.noindex -Xfrontend -serialize-debugging-options -enable-testing -suppress-warnings -index-store-path /Users/shehninadeem/Library/Developer/Xcode/DerivedData/Sentinel-gaqtyzgffvslneaduyuvswhpiqtn/Index.noindex/DataStore -Xcc -D_LIBCPP_HARDENING_MODE\=_LIBCPP_HARDENING_MODE_DEBUG -swift-version 6 -I /Users/shehninadeem/Library/Developer/Xcode/DerivedData/Sentinel-gaqtyzgffvslneaduyuvswhpiqtn/Build/Products/Debug-iphonesimulator -Isystem /Applications/Xcode.app/Contents/Developer/Platforms/iPhoneSimulator.platform/Developer/usr/lib -F /Users/shehninadeem/Library/Developer/Xcode/DerivedData/Sentinel-gaqtyzgffvslneaduyuvswhpiqtn/Build/Products/Debug-iphonesimulator -F /Applications/Xcode.app/Contents/Developer/Platforms/iPhoneSimulator.platform/Developer/Library/Frameworks -F /Applications/Xcode.app/Contents/Developer/Platforms/iPhoneSimulator.platform/Developer/SDKs/iPhoneSimulator26.2.sdk/Developer/Library/Frameworks -parse-as-library -c -j10 -enable-batch-mode -incremental -Xcc -ivfsstatcache -Xcc /Users/shehninadeem/Library/Developer/Xcode/DerivedData/SDKStatCaches.noindex/iphonesimulator26.2-23C53-7d00a8b37fbd7999ea79df8ebc024bf0.sdkstatcache -output-file-map /Users/shehninadeem/Library/Developer/Xcode/DerivedData/Sentinel-gaqtyzgffvslneaduyuvswhpiqtn/Build/Intermediates.noindex/swift-syntax.build/Debug-iphonesimulator/SwiftSyntax509.build/Objects-normal/x86_64/SwiftSyntax509-OutputFileMap.json -use-frontend-parseable-output -save-temps -no-color-diagnostics -explicit-module-build -module-cache-path /Users/shehninadeem/Library/Developer/Xcode/DerivedData/Sentinel-gaqtyzgffvslneaduyuvswhpiqtn/Build/Intermediates.noindex/SwiftExplicitPrecompiledModules -clang-scanner-module-cache-path /Users/shehninadeem/Library/Developer/Xcode/DerivedData/ModuleCache.noindex -sdk-module-cache-path /Users/shehninadeem/Library/Developer/Xcode/DerivedData/ModuleCache.noindex -serialize-diagnostics -emit-dependencies -emit-module -emit-module-path /Users/shehninadeem/Library/Developer/Xcode/DerivedData/Sentinel-gaqtyzgffvslneaduyuvswhpiqtn/Build/Intermediates.noindex/swift-syntax.build/Debug-iphonesimulator/SwiftSyntax509.build/Objects-normal/x86_64/SwiftSyntax509.swiftmodule -validate-clang-modules-once -clang-build-session-file /Users/shehninadeem/Library/Developer/Xcode/DerivedData/ModuleCache.noindex/Session.modulevalidation -package-name swift_syntax -Xcc -I/Users/shehninadeem/Library/Developer/Xcode/DerivedData/Sentinel-gaqtyzgffvslneaduyuvswhpiqtn/Build/Intermediates.noindex/swift-syntax.build/Debug-iphonesimulator/SwiftSyntax509.build/swift-overrides.hmap -emit-const-values -Xfrontend -const-gather-protocols-file -Xfrontend /Users/shehninadeem/Library/Developer/Xcode/DerivedData/Sentinel-gaqtyzgffvslneaduyuvswhpiqtn/Build/Intermediates.noindex/swift-syntax.build/Debug-iphonesimulator/SwiftSyntax509.build/Objects-normal/x86_64/SwiftSyntax509_const_extract_protocols.json -Xcc -I/Users/shehninadeem/Library/Developer/Xcode/DerivedData/Sentinel-gaqtyzgffvslneaduyuvswhpiqtn/Build/Products/Debug-iphonesimulator/include -Xcc -I/Users/shehninadeem/Library/Developer/Xcode/DerivedData/Sentinel-gaqtyzgffvslneaduyuvswhpiqtn/Build/Intermediates.noindex/swift-syntax.build/Debug-iphonesimulator/SwiftSyntax509.build/DerivedSources-normal/x86_64 -Xcc -I/Users/shehninadeem/Library/Developer/Xcode/DerivedData/Sentinel-gaqtyzgffvslneaduyuvswhpiqtn/Build/Intermediates.noindex/swift-syntax.build/Debug-iphonesimulator/SwiftSyntax509.build/DerivedSources/x86_64 -Xcc -I/Users/shehninadeem/Library/Developer/Xcode/DerivedData/Sentinel-gaqtyzgffvslneaduyuvswhpiqtn/Build/Intermediates.noindex/swift-syntax.build/Debug-iphonesimulator/SwiftSyntax509.build/DerivedSources -Xcc -DSWIFT_PACKAGE -Xcc -DDEBUG\=1 -emit-objc-header -emit-objc-header-path /Users/shehninadeem/Library/Developer/Xcode/DerivedData/Sentinel-gaqtyzgffvslneaduyuvswhpiqtn/Build/Intermediates.noindex/swift-syntax.build/Debug-iphonesimulator/SwiftSyntax509.build/Objects-normal/x86_64/SwiftSyntax509-Swift.h -working-directory /Users/shehninadeem/Desktop/Sentinel_v2/Sentinel.xcodeproj -experimental-emit-module-separately -disable-cmo

SwiftDriver LLMMacrosImplementation normal arm64 com.apple.xcode.tools.swift.compiler (in target 'LLMMacrosImplementation' from project 'LLM')
    cd /Users/shehninadeem/Desktop/Sentinel_v2/Sentinel.xcodeproj
    builtin-SwiftDriver -- /Applications/Xcode.app/Contents/Developer/Toolchains/XcodeDefault.xctoolchain/usr/bin/swiftc -module-name LLMMacrosImplementation -Onone -enforce-exclusivity\=checked @/Users/shehninadeem/Library/Developer/Xcode/DerivedData/Sentinel-gaqtyzgffvslneaduyuvswhpiqtn/Build/Intermediates.noindex/LLM.build/Debug-iphonesimulator/LLMMacrosImplementation.build/Objects-normal/arm64/LLMMacrosImplementation.SwiftFileList -DSWIFT_PACKAGE -DDEBUG -DXcode -I/Users/shehninadeem/Library/Developer/Xcode/DerivedData/Sentinel-gaqtyzgffvslneaduyuvswhpiqtn/SourcePackages/prebuilts/swift-syntax/602.0.0/swiftlang-6.2.3.3.21-MacroSupport-macos_aarch64/Modules -I/Users/shehninadeem/Library/Developer/Xcode/DerivedData/Sentinel-gaqtyzgffvslneaduyuvswhpiqtn/SourcePackages/checkouts/swift-syntax/Sources/_SwiftSyntaxCShims/include -I/Users/shehninadeem/Library/Developer/Xcode/DerivedData/Sentinel-gaqtyzgffvslneaduyuvswhpiqtn/SourcePackages/checkouts/swift-syntax/Sources/_SwiftLibraryPluginProviderCShims/include -plugin-path /Applications/Xcode.app/Contents/Developer/Toolchains/XcodeDefault.xctoolchain/usr/lib/swift/host/plugins/testing -enable-experimental-feature DebugDescriptionMacro -sdk /Applications/Xcode.app/Contents/Developer/Platforms/iPhoneSimulator.platform/Developer/SDKs/iPhoneSimulator26.2.sdk -target arm64-apple-ios16.0-simulator -g -module-cache-path /Users/shehninadeem/Library/Developer/Xcode/DerivedData/ModuleCache.noindex -Xfrontend -serialize-debugging-options -enable-testing -suppress-warnings -index-store-path /Users/shehninadeem/Library/Developer/Xcode/DerivedData/Sentinel-gaqtyzgffvslneaduyuvswhpiqtn/Index.noindex/DataStore -Xcc -D_LIBCPP_HARDENING_MODE\=_LIBCPP_HARDENING_MODE_DEBUG -swift-version 5 -I /Users/shehninadeem/Library/Developer/Xcode/DerivedData/Sentinel-gaqtyzgffvslneaduyuvswhpiqtn/Build/Products/Debug-iphonesimulator -Isystem /Applications/Xcode.app/Contents/Developer/Platforms/iPhoneSimulator.platform/Developer/usr/lib -F /Users/shehninadeem/Library/Developer/Xcode/DerivedData/Sentinel-gaqtyzgffvslneaduyuvswhpiqtn/Build/Products/Debug-iphonesimulator -F /Applications/Xcode.app/Contents/Developer/Platforms/iPhoneSimulator.platform/Developer/Library/Frameworks -F /Applications/Xcode.app/Contents/Developer/Platforms/iPhoneSimulator.platform/Developer/SDKs/iPhoneSimulator26.2.sdk/Developer/Library/Frameworks -c -j10 -enable-batch-mode -incremental -Xcc -ivfsstatcache -Xcc /Users/shehninadeem/Library/Developer/Xcode/DerivedData/SDKStatCaches.noindex/iphonesimulator26.2-23C53-7d00a8b37fbd7999ea79df8ebc024bf0.sdkstatcache -output-file-map /Users/shehninadeem/Library/Developer/Xcode/DerivedData/Sentinel-gaqtyzgffvslneaduyuvswhpiqtn/Build/Intermediates.noindex/LLM.build/Debug-iphonesimulator/LLMMacrosImplementation.build/Objects-normal/arm64/LLMMacrosImplementation-OutputFileMap.json -use-frontend-parseable-output -save-temps -no-color-diagnostics -explicit-module-build -module-cache-path /Users/shehninadeem/Library/Developer/Xcode/DerivedData/Sentinel-gaqtyzgffvslneaduyuvswhpiqtn/Build/Intermediates.noindex/SwiftExplicitPrecompiledModules -clang-scanner-module-cache-path /Users/shehninadeem/Library/Developer/Xcode/DerivedData/ModuleCache.noindex -sdk-module-cache-path /Users/shehninadeem/Library/Developer/Xcode/DerivedData/ModuleCache.noindex -serialize-diagnostics -emit-dependencies -emit-module -emit-module-path /Users/shehninadeem/Library/Developer/Xcode/DerivedData/Sentinel-gaqtyzgffvslneaduyuvswhpiqtn/Build/Intermediates.noindex/LLM.build/Debug-iphonesimulator/LLMMacrosImplementation.build/Objects-normal/arm64/LLMMacrosImplementation.swiftmodule -validate-clang-modules-once -clang-build-session-file /Users/shehninadeem/Library/Developer/Xcode/DerivedData/ModuleCache.noindex/Session.modulevalidation -package-name llm_swift -emit-const-values -Xfrontend -const-gather-protocols-file -Xfrontend /Users/shehninadeem/Library/Developer/Xcode/DerivedData/Sentinel-gaqtyzgffvslneaduyuvswhpiqtn/Build/Intermediates.noindex/LLM.build/Debug-iphonesimulator/LLMMacrosImplementation.build/Objects-normal/arm64/LLMMacrosImplementation_const_extract_protocols.json -Xcc -I/Users/shehninadeem/Library/Developer/Xcode/DerivedData/Sentinel-gaqtyzgffvslneaduyuvswhpiqtn/Build/Products/Debug-iphonesimulator/include -Xcc -I/Users/shehninadeem/Library/Developer/Xcode/DerivedData/Sentinel-gaqtyzgffvslneaduyuvswhpiqtn/Build/Intermediates.noindex/LLM.build/Debug-iphonesimulator/LLMMacrosImplementation.build/DerivedSources-normal/arm64 -Xcc -I/Users/shehninadeem/Library/Developer/Xcode/DerivedData/Sentinel-gaqtyzgffvslneaduyuvswhpiqtn/Build/Intermediates.noindex/LLM.build/Debug-iphonesimulator/LLMMacrosImplementation.build/DerivedSources/arm64 -Xcc -I/Users/shehninadeem/Library/Developer/Xcode/DerivedData/Sentinel-gaqtyzgffvslneaduyuvswhpiqtn/Build/Intermediates.noindex/LLM.build/Debug-iphonesimulator/LLMMacrosImplementation.build/DerivedSources -Xcc -DSWIFT_PACKAGE -Xcc -DDEBUG\=1 -working-directory /Users/shehninadeem/Desktop/Sentinel_v2/Sentinel.xcodeproj -experimental-emit-module-separately -disable-cmo
warning: Module file '/Users/shehninadeem/Library/Developer/Xcode/DerivedData/Sentinel-gaqtyzgffvslneaduyuvswhpiqtn/SourcePackages/prebuilts/swift-syntax/602.0.0/swiftlang-6.2.3.3.21-MacroSupport-macos_aarch64/Modules/SwiftCompilerPlugin.swiftmodule' is incompatible with this Swift compiler: SDK does not match (in target 'LLMMacrosImplementation' from project 'LLM')
warning: Module file '/Users/shehninadeem/Library/Developer/Xcode/DerivedData/Sentinel-gaqtyzgffvslneaduyuvswhpiqtn/SourcePackages/prebuilts/swift-syntax/602.0.0/swiftlang-6.2.3.3.21-MacroSupport-macos_aarch64/Modules/SwiftSyntax.swiftmodule' is incompatible with this Swift compiler: SDK does not match (in target 'LLMMacrosImplementation' from project 'LLM')
warning: Module file '/Users/shehninadeem/Library/Developer/Xcode/DerivedData/Sentinel-gaqtyzgffvslneaduyuvswhpiqtn/SourcePackages/prebuilts/swift-syntax/602.0.0/swiftlang-6.2.3.3.21-MacroSupport-macos_aarch64/Modules/SwiftSyntaxBuilder.swiftmodule' is incompatible with this Swift compiler: SDK does not match (in target 'LLMMacrosImplementation' from project 'LLM')
warning: Module file '/Users/shehninadeem/Library/Developer/Xcode/DerivedData/Sentinel-gaqtyzgffvslneaduyuvswhpiqtn/SourcePackages/prebuilts/swift-syntax/602.0.0/swiftlang-6.2.3.3.21-MacroSupport-macos_aarch64/Modules/SwiftSyntaxMacros.swiftmodule' is incompatible with this Swift compiler: SDK does not match (in target 'LLMMacrosImplementation' from project 'LLM')
/Users/shehninadeem/Library/Developer/Xcode/DerivedData/Sentinel-gaqtyzgffvslneaduyuvswhpiqtn/SourcePackages/checkouts/LLM.swift/Sources/LLMMacrosImplementation/GeneratableMacro.swift:1:8: error: Unable to find module dependency: 'SwiftCompilerPlugin'
import SwiftCompilerPlugin
       ^ (in target 'LLMMacrosImplementation' from project 'LLM')
/Users/shehninadeem/Library/Developer/Xcode/DerivedData/Sentinel-gaqtyzgffvslneaduyuvswhpiqtn/SourcePackages/checkouts/LLM.swift/Sources/LLMMacrosImplementation/GeneratableMacro.swift:1:8: note: A dependency of main module 'LLMMacrosImplementation'
import SwiftCompilerPlugin
       ^ (in target 'LLMMacrosImplementation' from project 'LLM')
/Users/shehninadeem/Library/Developer/Xcode/DerivedData/Sentinel-gaqtyzgffvslneaduyuvswhpiqtn/SourcePackages/checkouts/LLM.swift/Sources/LLMMacrosImplementation/Plugin.swift:1:8: note: Also imported here
import SwiftCompilerPlugin
       ^ (in target 'LLMMacrosImplementation' from project 'LLM')
/Users/shehninadeem/Library/Developer/Xcode/DerivedData/Sentinel-gaqtyzgffvslneaduyuvswhpiqtn/SourcePackages/checkouts/LLM.swift/Sources/LLMMacrosImplementation/GeneratableMacro.swift:2:8: error: Unable to find module dependency: 'SwiftSyntax'
import SwiftSyntax
       ^ (in target 'LLMMacrosImplementation' from project 'LLM')
/Users/shehninadeem/Library/Developer/Xcode/DerivedData/Sentinel-gaqtyzgffvslneaduyuvswhpiqtn/SourcePackages/checkouts/LLM.swift/Sources/LLMMacrosImplementation/GeneratableMacro.swift:2:8: note: A dependency of main module 'LLMMacrosImplementation'
import SwiftSyntax
       ^ (in target 'LLMMacrosImplementation' from project 'LLM')
/Users/shehninadeem/Library/Developer/Xcode/DerivedData/Sentinel-gaqtyzgffvslneaduyuvswhpiqtn/SourcePackages/checkouts/LLM.swift/Sources/LLMMacrosImplementation/GeneratableMacro.swift:3:8: error: Unable to find module dependency: 'SwiftSyntaxBuilder'
import SwiftSyntaxBuilder
       ^ (in target 'LLMMacrosImplementation' from project 'LLM')
/Users/shehninadeem/Library/Developer/Xcode/DerivedData/Sentinel-gaqtyzgffvslneaduyuvswhpiqtn/SourcePackages/checkouts/LLM.swift/Sources/LLMMacrosImplementation/GeneratableMacro.swift:3:8: note: A dependency of main module 'LLMMacrosImplementation'
import SwiftSyntaxBuilder
       ^ (in target 'LLMMacrosImplementation' from project 'LLM')
/Users/shehninadeem/Library/Developer/Xcode/DerivedData/Sentinel-gaqtyzgffvslneaduyuvswhpiqtn/SourcePackages/checkouts/LLM.swift/Sources/LLMMacrosImplementation/GeneratableMacro.swift:4:8: error: Unable to find module dependency: 'SwiftSyntaxMacros'
import SwiftSyntaxMacros
       ^ (in target 'LLMMacrosImplementation' from project 'LLM')
/Users/shehninadeem/Library/Developer/Xcode/DerivedData/Sentinel-gaqtyzgffvslneaduyuvswhpiqtn/SourcePackages/checkouts/LLM.swift/Sources/LLMMacrosImplementation/GeneratableMacro.swift:4:8: note: A dependency of main module 'LLMMacrosImplementation'
import SwiftSyntaxMacros
       ^ (in target 'LLMMacrosImplementation' from project 'LLM')
/Users/shehninadeem/Library/Developer/Xcode/DerivedData/Sentinel-gaqtyzgffvslneaduyuvswhpiqtn/SourcePackages/checkouts/LLM.swift/Sources/LLMMacrosImplementation/Plugin.swift:2:8: note: Also imported here
import SwiftSyntaxMacros
       ^ (in target 'LLMMacrosImplementation' from project 'LLM')

PrecompileModule /Users/shehninadeem/Library/Developer/Xcode/DerivedData/Sentinel-gaqtyzgffvslneaduyuvswhpiqtn/Build/Intermediates.noindex/ExplicitPrecompiledModules/_AvailabilityInternal-6V4667Y4J7B9TX4PBE1WA579Y.scan
    cd /
    builtin-precompileModule /Users/shehninadeem/Library/Developer/Xcode/DerivedData/Sentinel-gaqtyzgffvslneaduyuvswhpiqtn/Build/Intermediates.noindex/ExplicitPrecompiledModules/_AvailabilityInternal-6V4667Y4J7B9TX4PBE1WA579Y.scan

SwiftEmitModule normal arm64 Emitting\ module\ for\ SwiftSyntax602 (in target 'SwiftSyntax602' from project 'swift-syntax')

SwiftCompile normal arm64 /Users/shehninadeem/Library/Developer/Xcode/DerivedData/Sentinel-gaqtyzgffvslneaduyuvswhpiqtn/SourcePackages/checkouts/swift-syntax/Sources/VersionMarkerModules/SwiftSyntax602/Empty.swift (in target 'SwiftSyntax602' from project 'swift-syntax')
    cd /Users/shehninadeem/Desktop/Sentinel_v2/Sentinel.xcodeproj
    

SwiftEmitModule normal arm64 Emitting\ module\ for\ SwiftSyntax601 (in target 'SwiftSyntax601' from project 'swift-syntax')

SwiftCompile normal arm64 /Users/shehninadeem/Library/Developer/Xcode/DerivedData/Sentinel-gaqtyzgffvslneaduyuvswhpiqtn/SourcePackages/checkouts/swift-syntax/Sources/VersionMarkerModules/SwiftSyntax601/Empty.swift (in target 'SwiftSyntax601' from project 'swift-syntax')
    cd /Users/shehninadeem/Desktop/Sentinel_v2/Sentinel.xcodeproj
    

SwiftEmitModule normal x86_64 Emitting\ module\ for\ SwiftSyntax600 (in target 'SwiftSyntax600' from project 'swift-syntax')
SwiftCompile normal x86_64 /Users/shehninadeem/Library/Developer/Xcode/DerivedData/Sentinel-gaqtyzgffvslneaduyuvswhpiqtn/SourcePackages/checkouts/swift-syntax/Sources/VersionMarkerModules/SwiftSyntax600/Empty.swift (in target 'SwiftSyntax600' from project 'swift-syntax')
    cd /Users/shehninadeem/Desktop/Sentinel_v2/Sentinel.xcodeproj
    

SwiftEmitModule normal arm64 Emitting\ module\ for\ SwiftSyntax600 (in target 'SwiftSyntax600' from project 'swift-syntax')

SwiftCompile normal arm64 /Users/shehninadeem/Library/Developer/Xcode/DerivedData/Sentinel-gaqtyzgffvslneaduyuvswhpiqtn/SourcePackages/checkouts/swift-syntax/Sources/VersionMarkerModules/SwiftSyntax600/Empty.swift (in target 'SwiftSyntax600' from project 'swift-syntax')
    cd /Users/shehninadeem/Desktop/Sentinel_v2/Sentinel.xcodeproj
    

SwiftEmitModule normal arm64 Emitting\ module\ for\ SwiftSyntax509 (in target 'SwiftSyntax509' from project 'swift-syntax')

SwiftCompile normal arm64 /Users/shehninadeem/Library/Developer/Xcode/DerivedData/Sentinel-gaqtyzgffvslneaduyuvswhpiqtn/SourcePackages/checkouts/swift-syntax/Sources/VersionMarkerModules/SwiftSyntax509/Empty.swift (in target 'SwiftSyntax509' from project 'swift-syntax')
    cd /Users/shehninadeem/Desktop/Sentinel_v2/Sentinel.xcodeproj
    

SwiftEmitModule normal x86_64 Emitting\ module\ for\ SwiftSyntax602 (in target 'SwiftSyntax602' from project 'swift-syntax')

SwiftEmitModule normal arm64 Emitting\ module\ for\ SwiftSyntax510 (in target 'SwiftSyntax510' from project 'swift-syntax')

SwiftEmitModule normal x86_64 Emitting\ module\ for\ SwiftSyntax509 (in target 'SwiftSyntax509' from project 'swift-syntax')

SwiftEmitModule normal x86_64 Emitting\ module\ for\ SwiftSyntax510 (in target 'SwiftSyntax510' from project 'swift-syntax')

PrecompileModule /Users/shehninadeem/Library/Developer/Xcode/DerivedData/Sentinel-gaqtyzgffvslneaduyuvswhpiqtn/Build/Intermediates.noindex/ExplicitPrecompiledModules/_Builtin_stdbool-1U11U00DSRF5E1HCVYYRQ1VEO.scan
    cd /
    builtin-precompileModule /Users/shehninadeem/Library/Developer/Xcode/DerivedData/Sentinel-gaqtyzgffvslneaduyuvswhpiqtn/Build/Intermediates.noindex/ExplicitPrecompiledModules/_Builtin_stdbool-1U11U00DSRF5E1HCVYYRQ1VEO.scan

SwiftDriverJobDiscovery normal arm64 Emitting module for SwiftSyntax601 (in target 'SwiftSyntax601' from project 'swift-syntax')

SwiftDriver\ Compilation\ Requirements SwiftSyntax601 normal arm64 com.apple.xcode.tools.swift.compiler (in target 'SwiftSyntax601' from project 'swift-syntax')
    cd /Users/shehninadeem/Desktop/Sentinel_v2/Sentinel.xcodeproj
    builtin-Swift-Compilation-Requirements -- /Applications/Xcode.app/Contents/Developer/Toolchains/XcodeDefault.xctoolchain/usr/bin/swiftc -module-name SwiftSyntax601 -Onone -enforce-exclusivity\=checked @/Users/shehninadeem/Library/Developer/Xcode/DerivedData/Sentinel-gaqtyzgffvslneaduyuvswhpiqtn/Build/Intermediates.noindex/swift-syntax.build/Debug-iphonesimulator/SwiftSyntax601.build/Objects-normal/arm64/SwiftSyntax601.SwiftFileList -DSWIFT_PACKAGE -DDEBUG -DSWIFT_MODULE_RESOURCE_BUNDLE_UNAVAILABLE -DXcode -plugin-path /Applications/Xcode.app/Contents/Developer/Toolchains/XcodeDefault.xctoolchain/usr/lib/swift/host/plugins/testing -enable-experimental-feature DebugDescriptionMacro -sdk /Applications/Xcode.app/Contents/Developer/Platforms/iPhoneSimulator.platform/Developer/SDKs/iPhoneSimulator26.2.sdk -target arm64-apple-ios13.0-simulator -g -module-cache-path /Users/shehninadeem/Library/Developer/Xcode/DerivedData/ModuleCache.noindex -Xfrontend -serialize-debugging-options -enable-testing -suppress-warnings -index-store-path /Users/shehninadeem/Library/Developer/Xcode/DerivedData/Sentinel-gaqtyzgffvslneaduyuvswhpiqtn/Index.noindex/DataStore -Xcc -D_LIBCPP_HARDENING_MODE\=_LIBCPP_HARDENING_MODE_DEBUG -swift-version 6 -I /Users/shehninadeem/Library/Developer/Xcode/DerivedData/Sentinel-gaqtyzgffvslneaduyuvswhpiqtn/Build/Products/Debug-iphonesimulator -Isystem /Applications/Xcode.app/Contents/Developer/Platforms/iPhoneSimulator.platform/Developer/usr/lib -F /Users/shehninadeem/Library/Developer/Xcode/DerivedData/Sentinel-gaqtyzgffvslneaduyuvswhpiqtn/Build/Products/Debug-iphonesimulator -F /Applications/Xcode.app/Contents/Developer/Platforms/iPhoneSimulator.platform/Developer/Library/Frameworks -F /Applications/Xcode.app/Contents/Developer/Platforms/iPhoneSimulator.platform/Developer/SDKs/iPhoneSimulator26.2.sdk/Developer/Library/Frameworks -parse-as-library -c -j10 -enable-batch-mode -incremental -Xcc -ivfsstatcache -Xcc /Users/shehninadeem/Library/Developer/Xcode/DerivedData/SDKStatCaches.noindex/iphonesimulator26.2-23C53-7d00a8b37fbd7999ea79df8ebc024bf0.sdkstatcache -output-file-map /Users/shehninadeem/Library/Developer/Xcode/DerivedData/Sentinel-gaqtyzgffvslneaduyuvswhpiqtn/Build/Intermediates.noindex/swift-syntax.build/Debug-iphonesimulator/SwiftSyntax601.build/Objects-normal/arm64/SwiftSyntax601-OutputFileMap.json -use-frontend-parseable-output -save-temps -no-color-diagnostics -explicit-module-build -module-cache-path /Users/shehninadeem/Library/Developer/Xcode/DerivedData/Sentinel-gaqtyzgffvslneaduyuvswhpiqtn/Build/Intermediates.noindex/SwiftExplicitPrecompiledModules -clang-scanner-module-cache-path /Users/shehninadeem/Library/Developer/Xcode/DerivedData/ModuleCache.noindex -sdk-module-cache-path /Users/shehninadeem/Library/Developer/Xcode/DerivedData/ModuleCache.noindex -serialize-diagnostics -emit-dependencies -emit-module -emit-module-path /Users/shehninadeem/Library/Developer/Xcode/DerivedData/Sentinel-gaqtyzgffvslneaduyuvswhpiqtn/Build/Intermediates.noindex/swift-syntax.build/Debug-iphonesimulator/SwiftSyntax601.build/Objects-normal/arm64/SwiftSyntax601.swiftmodule -validate-clang-modules-once -clang-build-session-file /Users/shehninadeem/Library/Developer/Xcode/DerivedData/ModuleCache.noindex/Session.modulevalidation -package-name swift_syntax -Xcc -I/Users/shehninadeem/Library/Developer/Xcode/DerivedData/Sentinel-gaqtyzgffvslneaduyuvswhpiqtn/Build/Intermediates.noindex/swift-syntax.build/Debug-iphonesimulator/SwiftSyntax601.build/swift-overrides.hmap -emit-const-values -Xfrontend -const-gather-protocols-file -Xfrontend /Users/shehninadeem/Library/Developer/Xcode/DerivedData/Sentinel-gaqtyzgffvslneaduyuvswhpiqtn/Build/Intermediates.noindex/swift-syntax.build/Debug-iphonesimulator/SwiftSyntax601.build/Objects-normal/arm64/SwiftSyntax601_const_extract_protocols.json -Xcc -I/Users/shehninadeem/Library/Developer/Xcode/DerivedData/Sentinel-gaqtyzgffvslneaduyuvswhpiqtn/Build/Products/Debug-iphonesimulator/include -Xcc -I/Users/shehninadeem/Library/Developer/Xcode/DerivedData/Sentinel-gaqtyzgffvslneaduyuvswhpiqtn/Build/Intermediates.noindex/swift-syntax.build/Debug-iphonesimulator/SwiftSyntax601.build/DerivedSources-normal/arm64 -Xcc -I/Users/shehninadeem/Library/Developer/Xcode/DerivedData/Sentinel-gaqtyzgffvslneaduyuvswhpiqtn/Build/Intermediates.noindex/swift-syntax.build/Debug-iphonesimulator/SwiftSyntax601.build/DerivedSources/arm64 -Xcc -I/Users/shehninadeem/Library/Developer/Xcode/DerivedData/Sentinel-gaqtyzgffvslneaduyuvswhpiqtn/Build/Intermediates.noindex/swift-syntax.build/Debug-iphonesimulator/SwiftSyntax601.build/DerivedSources -Xcc -DSWIFT_PACKAGE -Xcc -DDEBUG\=1 -emit-objc-header -emit-objc-header-path /Users/shehninadeem/Library/Developer/Xcode/DerivedData/Sentinel-gaqtyzgffvslneaduyuvswhpiqtn/Build/Intermediates.noindex/swift-syntax.build/Debug-iphonesimulator/SwiftSyntax601.build/Objects-normal/arm64/SwiftSyntax601-Swift.h -working-directory /Users/shehninadeem/Desktop/Sentinel_v2/Sentinel.xcodeproj -experimental-emit-module-separately -disable-cmo

SwiftEmitModule normal x86_64 Emitting\ module\ for\ SwiftSyntax601 (in target 'SwiftSyntax601' from project 'swift-syntax')

PrecompileModule /Users/shehninadeem/Library/Developer/Xcode/DerivedData/Sentinel-gaqtyzgffvslneaduyuvswhpiqtn/Build/Intermediates.noindex/ExplicitPrecompiledModules/_Builtin_stddef-1I67HHKZ2RM80NZ1LDY622WUK.scan
    cd /
    builtin-precompileModule /Users/shehninadeem/Library/Developer/Xcode/DerivedData/Sentinel-gaqtyzgffvslneaduyuvswhpiqtn/Build/Intermediates.noindex/ExplicitPrecompiledModules/_Builtin_stddef-1I67HHKZ2RM80NZ1LDY622WUK.scan

** BUILD FAILED **


The following build commands failed:
	SwiftDriver LLMMacrosImplementation normal arm64 com.apple.xcode.tools.swift.compiler (in target 'LLMMacrosImplementation' from project 'LLM')
	Building project Sentinel with scheme Sentinel
(2 failures)
